<?xml version="1.0" encoding="UTF-8"?>
<coverage generated="1645567581414" clover="3.2.0">
  <project timestamp="1645567581414" name="All files">
    <metrics statements="242" coveredstatements="161" conditionals="102" coveredconditionals="53" methods="69" coveredmethods="36" elements="413" coveredelements="250" complexity="0" loc="242" ncloc="242" packages="4" files="13" classes="13"/>
    <package name="Overview.components">
      <metrics statements="25" coveredstatements="11" conditionals="10" coveredconditionals="3" methods="9" coveredmethods="2"/>
      <file name="StyleSelector.jsx" path="/HR/repos/ProjectCatwalk/client/src/components/Overview/components/StyleSelector.jsx">
        <metrics statements="25" coveredstatements="11" conditionals="10" coveredconditionals="3" methods="9" coveredmethods="2"/>
        <line num="4" count="1" type="stmt"/>
        <line num="10" count="1" type="stmt"/>
        <line num="20" count="1" type="stmt"/>
        <line num="25" count="1" type="stmt"/>
        <line num="31" count="1" type="stmt"/>
        <line num="33" count="1" type="stmt"/>
        <line num="38" count="1" type="stmt"/>
        <line num="39" count="1" type="stmt"/>
        <line num="40" count="1" type="stmt"/>
        <line num="44" count="0" type="cond" truecount="0" falsecount="2"/>
        <line num="45" count="0" type="stmt"/>
        <line num="46" count="0" type="stmt"/>
        <line num="47" count="0" type="stmt"/>
        <line num="52" count="0" type="stmt"/>
        <line num="53" count="0" type="stmt"/>
        <line num="54" count="0" type="cond" truecount="0" falsecount="2"/>
        <line num="55" count="0" type="stmt"/>
        <line num="60" count="0" type="stmt"/>
        <line num="64" count="0" type="stmt"/>
        <line num="65" count="0" type="stmt"/>
        <line num="72" count="1" type="stmt"/>
        <line num="73" count="1" type="stmt"/>
        <line num="78" count="0" type="cond" truecount="0" falsecount="2"/>
        <line num="83" count="0" type="stmt"/>
        <line num="85" count="0" type="stmt"/>
      </file>
    </package>
    <package name="QandA">
      <metrics statements="12" coveredstatements="6" conditionals="0" coveredconditionals="0" methods="4" coveredmethods="2"/>
      <file name="SearchQuestions.jsx" path="/HR/repos/ProjectCatwalk/client/src/components/QandA/SearchQuestions.jsx">
        <metrics statements="12" coveredstatements="6" conditionals="0" coveredconditionals="0" methods="4" coveredmethods="2"/>
        <line num="4" count="1" type="stmt"/>
        <line num="12" count="1" type="stmt"/>
        <line num="14" count="1" type="stmt"/>
        <line num="18" count="1" type="stmt"/>
        <line num="22" count="0" type="stmt"/>
        <line num="23" count="0" type="stmt"/>
        <line num="24" count="0" type="stmt"/>
        <line num="25" count="0" type="stmt"/>
        <line num="29" count="0" type="stmt"/>
        <line num="30" count="0" type="stmt"/>
        <line num="36" count="1" type="stmt"/>
        <line num="37" count="1" type="stmt"/>
      </file>
    </package>
    <package name="RatingsAndReviews">
      <metrics statements="122" coveredstatements="109" conditionals="62" coveredconditionals="44" methods="38" coveredmethods="30"/>
      <file name="HelpfulCount.jsx" path="/HR/repos/ProjectCatwalk/client/src/components/RatingsAndReviews/HelpfulCount.jsx">
        <metrics statements="8" coveredstatements="6" conditionals="0" coveredconditionals="0" methods="3" coveredmethods="2"/>
        <line num="4" count="1" type="stmt"/>
        <line num="10" count="1" type="stmt"/>
        <line num="19" count="4" type="stmt"/>
        <line num="20" count="4" type="stmt"/>
        <line num="24" count="4" type="stmt"/>
        <line num="28" count="0" type="stmt"/>
        <line num="29" count="0" type="stmt"/>
        <line num="33" count="4" type="stmt"/>
      </file>
      <file name="Modal.jsx" path="/HR/repos/ProjectCatwalk/client/src/components/RatingsAndReviews/Modal.jsx">
        <metrics statements="18" coveredstatements="15" conditionals="12" coveredconditionals="6" methods="4" coveredmethods="3"/>
        <line num="6" count="1" type="stmt"/>
        <line num="20" count="1" type="stmt"/>
        <line num="24" count="1" type="stmt"/>
        <line num="39" count="1" type="stmt"/>
        <line num="47" count="1" type="stmt"/>
        <line num="54" count="1" type="stmt"/>
        <line num="61" count="1" type="stmt"/>
        <line num="68" count="1" type="stmt"/>
        <line num="79" count="1" type="stmt"/>
        <line num="89" count="1" type="stmt"/>
        <line num="95" count="1" type="stmt"/>
        <line num="106" count="1" type="stmt"/>
        <line num="107" count="1" type="stmt"/>
        <line num="110" count="1" type="stmt"/>
        <line num="118" count="0" type="stmt"/>
        <line num="119" count="0" type="stmt"/>
        <line num="122" count="0" type="stmt"/>
        <line num="126" count="1" type="stmt"/>
      </file>
      <file name="ProductBreakdown.jsx" path="/HR/repos/ProjectCatwalk/client/src/components/RatingsAndReviews/ProductBreakdown.jsx">
        <metrics statements="11" coveredstatements="11" conditionals="0" coveredconditionals="0" methods="2" coveredmethods="2"/>
        <line num="4" count="1" type="stmt"/>
        <line num="20" count="1" type="stmt"/>
        <line num="25" count="1" type="stmt"/>
        <line num="30" count="1" type="stmt"/>
        <line num="38" count="1" type="stmt"/>
        <line num="44" count="1" type="stmt"/>
        <line num="51" count="1" type="stmt"/>
        <line num="57" count="1" type="stmt"/>
        <line num="78" count="2" type="stmt"/>
        <line num="79" count="2" type="stmt"/>
        <line num="85" count="2" type="stmt"/>
      </file>
      <file name="RatingBreakdown.jsx" path="/HR/repos/ProjectCatwalk/client/src/components/RatingsAndReviews/RatingBreakdown.jsx">
        <metrics statements="18" coveredstatements="18" conditionals="4" coveredconditionals="3" methods="6" coveredmethods="6"/>
        <line num="5" count="1" type="stmt"/>
        <line num="16" count="1" type="stmt"/>
        <line num="22" count="1" type="stmt"/>
        <line num="28" count="1" type="stmt"/>
        <line num="34" count="1" type="stmt"/>
        <line num="51" count="10" type="cond" truecount="1" falsecount="1"/>
        <line num="58" count="10" type="stmt"/>
        <line num="63" count="2" type="stmt"/>
        <line num="64" count="2" type="stmt"/>
        <line num="70" count="2" type="stmt"/>
        <line num="78" count="2" type="cond" truecount="2" falsecount="0"/>
        <line num="79" count="1" type="stmt"/>
        <line num="80" count="2" type="stmt"/>
        <line num="81" count="2" type="stmt"/>
        <line num="84" count="2" type="stmt"/>
        <line num="88" count="2" type="stmt"/>
        <line num="89" count="2" type="stmt"/>
        <line num="90" count="2" type="stmt"/>
      </file>
      <file name="RatingsAndReviews.jsx" path="/HR/repos/ProjectCatwalk/client/src/components/RatingsAndReviews/RatingsAndReviews.jsx">
        <metrics statements="18" coveredstatements="14" conditionals="2" coveredconditionals="1" methods="6" coveredmethods="3"/>
        <line num="9" count="1" type="stmt"/>
        <line num="13" count="1" type="stmt"/>
        <line num="21" count="1" type="stmt"/>
        <line num="29" count="1" type="stmt"/>
        <line num="36" count="1" type="stmt"/>
        <line num="41" count="1" type="stmt"/>
        <line num="48" count="1" type="stmt"/>
        <line num="52" count="1" type="stmt"/>
        <line num="62" count="1" type="stmt"/>
        <line num="63" count="1" type="stmt"/>
        <line num="71" count="1" type="stmt"/>
        <line num="72" count="1" type="stmt"/>
        <line num="78" count="0" type="stmt"/>
        <line num="80" count="1" type="stmt"/>
        <line num="86" count="0" type="stmt"/>
        <line num="87" count="0" type="stmt"/>
        <line num="92" count="1" type="stmt"/>
        <line num="122" count="0" type="stmt"/>
      </file>
      <file name="ReviewItem.jsx" path="/HR/repos/ProjectCatwalk/client/src/components/RatingsAndReviews/ReviewItem.jsx">
        <metrics statements="10" coveredstatements="9" conditionals="10" coveredconditionals="5" methods="4" coveredmethods="3"/>
        <line num="6" count="1" type="stmt"/>
        <line num="12" count="1" type="stmt"/>
        <line num="16" count="1" type="stmt"/>
        <line num="22" count="1" type="stmt"/>
        <line num="30" count="1" type="stmt"/>
        <line num="43" count="3" type="stmt"/>
        <line num="44" count="3" type="stmt"/>
        <line num="50" count="3" type="stmt"/>
        <line num="61" count="0" type="stmt"/>
        <line num="70" count="4" type="stmt"/>
      </file>
      <file name="ReviewStars.jsx" path="/HR/repos/ProjectCatwalk/client/src/components/RatingsAndReviews/ReviewStars.jsx">
        <metrics statements="26" coveredstatements="25" conditionals="32" coveredconditionals="28" methods="5" coveredmethods="5"/>
        <line num="4" count="1" type="stmt"/>
        <line num="8" count="1" type="stmt"/>
        <line num="10" count="35" type="cond" truecount="1" falsecount="1"/>
        <line num="20" count="35" type="cond" truecount="2" falsecount="0"/>
        <line num="25" count="35" type="cond" truecount="6" falsecount="0"/>
        <line num="32" count="7" type="stmt"/>
        <line num="33" count="7" type="stmt"/>
        <line num="39" count="8" type="stmt"/>
        <line num="41" count="8" type="stmt"/>
        <line num="42" count="8" type="stmt"/>
        <line num="43" count="40" type="cond" truecount="2" falsecount="0"/>
        <line num="44" count="13" type="stmt"/>
        <line num="45" count="13" type="stmt"/>
        <line num="46" count="27" type="cond" truecount="4" falsecount="0"/>
        <line num="47" count="3" type="cond" truecount="1" falsecount="1"/>
        <line num="48" count="0" type="stmt"/>
        <line num="49" count="3" type="cond" truecount="4" falsecount="0"/>
        <line num="50" count="1" type="stmt"/>
        <line num="51" count="2" type="cond" truecount="4" falsecount="0"/>
        <line num="52" count="1" type="stmt"/>
        <line num="53" count="1" type="cond" truecount="2" falsecount="2"/>
        <line num="54" count="1" type="stmt"/>
        <line num="57" count="3" type="stmt"/>
        <line num="58" count="24" type="cond" truecount="2" falsecount="0"/>
        <line num="59" count="19" type="stmt"/>
        <line num="62" count="8" type="stmt"/>
      </file>
      <file name="ReviewsList.jsx" path="/HR/repos/ProjectCatwalk/client/src/components/RatingsAndReviews/ReviewsList.jsx">
        <metrics statements="6" coveredstatements="6" conditionals="0" coveredconditionals="0" methods="3" coveredmethods="3"/>
        <line num="6" count="1" type="stmt"/>
        <line num="8" count="1" type="stmt"/>
        <line num="18" count="2" type="stmt"/>
        <line num="19" count="2" type="stmt"/>
        <line num="32" count="2" type="stmt"/>
        <line num="36" count="2" type="stmt"/>
      </file>
      <file name="WriteNewReview.jsx" path="/HR/repos/ProjectCatwalk/client/src/components/RatingsAndReviews/WriteNewReview.jsx">
        <metrics statements="6" coveredstatements="4" conditionals="2" coveredconditionals="1" methods="5" coveredmethods="3"/>
        <line num="8" count="2" type="stmt"/>
        <line num="9" count="2" type="stmt"/>
        <line num="12" count="2" type="stmt"/>
        <line num="20" count="0" type="stmt"/>
        <line num="24" count="2" type="stmt"/>
        <line num="28" count="0" type="stmt"/>
      </file>
      <file name="dummy_data.js" path="/HR/repos/ProjectCatwalk/client/src/components/RatingsAndReviews/dummy_data.js">
        <metrics statements="1" coveredstatements="1" conditionals="0" coveredconditionals="0" methods="0" coveredmethods="0"/>
        <line num="1" count="1" type="stmt"/>
      </file>
    </package>
    <package name="RelatedItems">
      <metrics statements="83" coveredstatements="35" conditionals="30" coveredconditionals="6" methods="18" coveredmethods="2"/>
      <file name="CarouselItem.jsx" path="/HR/repos/ProjectCatwalk/client/src/components/RelatedItems/CarouselItem.jsx">
        <metrics statements="83" coveredstatements="35" conditionals="30" coveredconditionals="6" methods="18" coveredmethods="2"/>
        <line num="15" count="1" type="stmt"/>
        <line num="16" count="1" type="stmt"/>
        <line num="22" count="1" type="stmt"/>
        <line num="23" count="1" type="stmt"/>
        <line num="24" count="1" type="stmt"/>
        <line num="25" count="1" type="stmt"/>
        <line num="26" count="1" type="stmt"/>
        <line num="30" count="0" type="cond" truecount="0" falsecount="2"/>
        <line num="31" count="0" type="stmt"/>
        <line num="39" count="0" type="cond" truecount="0" falsecount="2"/>
        <line num="40" count="0" type="stmt"/>
        <line num="41" count="0" type="stmt"/>
        <line num="43" count="0" type="stmt"/>
        <line num="51" count="0" type="stmt"/>
        <line num="59" count="0" type="stmt"/>
        <line num="89" count="0" type="stmt"/>
        <line num="90" count="0" type="stmt"/>
        <line num="96" count="0" type="stmt"/>
        <line num="97" count="0" type="stmt"/>
        <line num="103" count="0" type="cond" truecount="0" falsecount="2"/>
        <line num="104" count="0" type="stmt"/>
        <line num="106" count="0" type="stmt"/>
        <line num="107" count="0" type="cond" truecount="0" falsecount="2"/>
        <line num="108" count="0" type="stmt"/>
        <line num="110" count="0" type="cond" truecount="0" falsecount="2"/>
        <line num="111" count="0" type="stmt"/>
        <line num="113" count="0" type="stmt"/>
        <line num="114" count="0" type="stmt"/>
        <line num="119" count="0" type="stmt"/>
        <line num="120" count="0" type="cond" truecount="0" falsecount="2"/>
        <line num="121" count="0" type="stmt"/>
        <line num="123" count="0" type="stmt"/>
        <line num="124" count="0" type="stmt"/>
        <line num="125" count="0" type="stmt"/>
        <line num="129" count="0" type="stmt"/>
        <line num="142" count="1" type="cond" truecount="2" falsecount="2"/>
        <line num="144" count="0" type="stmt"/>
        <line num="145" count="0" type="stmt"/>
        <line num="146" count="0" type="stmt"/>
        <line num="149" count="1" type="stmt"/>
        <line num="151" count="1" type="cond" truecount="1" falsecount="1"/>
        <line num="152" count="0" type="stmt"/>
        <line num="164" count="0" type="stmt"/>
        <line num="165" count="0" type="stmt"/>
        <line num="166" count="0" type="stmt"/>
        <line num="167" count="0" type="cond" truecount="0" falsecount="2"/>
        <line num="168" count="0" type="cond" truecount="0" falsecount="2"/>
        <line num="169" count="0" type="stmt"/>
        <line num="171" count="0" type="stmt"/>
        <line num="175" count="0" type="stmt"/>
        <line num="176" count="0" type="cond" truecount="0" falsecount="2"/>
        <line num="177" count="0" type="stmt"/>
        <line num="180" count="0" type="stmt"/>
        <line num="193" count="1" type="stmt"/>
        <line num="196" count="1" type="cond" truecount="1" falsecount="1"/>
        <line num="197" count="0" type="stmt"/>
        <line num="198" count="0" type="stmt"/>
        <line num="201" count="1" type="cond" truecount="1" falsecount="1"/>
        <line num="202" count="0" type="stmt"/>
        <line num="208" count="1" type="stmt"/>
        <line num="216" count="1" type="cond" truecount="1" falsecount="1"/>
        <line num="217" count="1" type="stmt"/>
        <line num="224" count="0" type="stmt"/>
        <line num="232" count="1" type="stmt"/>
        <line num="259" count="1" type="stmt"/>
        <line num="271" count="1" type="stmt"/>
        <line num="279" count="1" type="stmt"/>
        <line num="284" count="1" type="stmt"/>
        <line num="300" count="1" type="stmt"/>
        <line num="309" count="1" type="stmt"/>
        <line num="310" count="0" type="stmt"/>
        <line num="326" count="1" type="stmt"/>
        <line num="344" count="1" type="stmt"/>
        <line num="352" count="1" type="stmt"/>
        <line num="357" count="1" type="stmt"/>
        <line num="362" count="1" type="stmt"/>
        <line num="367" count="1" type="stmt"/>
        <line num="381" count="1" type="stmt"/>
        <line num="390" count="1" type="stmt"/>
        <line num="405" count="1" type="stmt"/>
        <line num="414" count="1" type="stmt"/>
        <line num="421" count="1" type="stmt"/>
        <line num="427" count="1" type="stmt"/>
      </file>
    </package>
  </project>
</coverage>
