{"/HR/repos/ProjectCatwalk/client/src/components/Overview/components/StyleSelector.jsx": {"path":"/HR/repos/ProjectCatwalk/client/src/components/Overview/components/StyleSelector.jsx","statementMap":{"0":{"start":{"line":4,"column":24},"end":{"line":8,"column":23}},"1":{"start":{"line":10,"column":14},"end":{"line":18,"column":4}},"2":{"start":{"line":20,"column":19},"end":{"line":23,"column":12}},"3":{"start":{"line":25,"column":17},"end":{"line":27,"column":22}},"4":{"start":{"line":31,"column":4},"end":{"line":31,"column":17}},"5":{"start":{"line":33,"column":4},"end":{"line":36,"column":6}},"6":{"start":{"line":38,"column":4},"end":{"line":38,"column":55}},"7":{"start":{"line":39,"column":4},"end":{"line":39,"column":47}},"8":{"start":{"line":40,"column":4},"end":{"line":40,"column":53}},"9":{"start":{"line":44,"column":4},"end":{"line":48,"column":5}},"10":{"start":{"line":45,"column":25},"end":{"line":45,"column":35}},"11":{"start":{"line":46,"column":6},"end":{"line":46,"column":27}},"12":{"start":{"line":47,"column":6},"end":{"line":47,"column":29}},"13":{"start":{"line":52,"column":25},"end":{"line":52,"column":35}},"14":{"start":{"line":53,"column":28},"end":{"line":53,"column":38}},"15":{"start":{"line":54,"column":4},"end":{"line":56,"column":5}},"16":{"start":{"line":55,"column":6},"end":{"line":55,"column":25}},"17":{"start":{"line":60,"column":4},"end":{"line":60,"column":30}},"18":{"start":{"line":64,"column":30},"end":{"line":64,"column":40}},"19":{"start":{"line":65,"column":4},"end":{"line":65,"column":47}},"20":{"start":{"line":72,"column":8},"end":{"line":72,"column":18}},"21":{"start":{"line":73,"column":4},"end":{"line":90,"column":6}},"22":{"start":{"line":78,"column":14},"end":{"line":85,"column":113}},"23":{"start":{"line":83,"column":83},"end":{"line":83,"column":107}},"24":{"start":{"line":85,"column":84},"end":{"line":85,"column":108}}},"fnMap":{"0":{"name":"(anonymous_0)","decl":{"start":{"line":30,"column":2},"end":{"line":30,"column":3}},"loc":{"start":{"line":30,"column":21},"end":{"line":41,"column":3}},"line":30},"1":{"name":"(anonymous_1)","decl":{"start":{"line":43,"column":2},"end":{"line":43,"column":3}},"loc":{"start":{"line":43,"column":36},"end":{"line":49,"column":3}},"line":43},"2":{"name":"(anonymous_2)","decl":{"start":{"line":51,"column":2},"end":{"line":51,"column":3}},"loc":{"start":{"line":51,"column":22},"end":{"line":57,"column":3}},"line":51},"3":{"name":"(anonymous_3)","decl":{"start":{"line":59,"column":2},"end":{"line":59,"column":3}},"loc":{"start":{"line":59,"column":20},"end":{"line":61,"column":3}},"line":59},"4":{"name":"(anonymous_4)","decl":{"start":{"line":63,"column":2},"end":{"line":63,"column":3}},"loc":{"start":{"line":63,"column":18},"end":{"line":66,"column":3}},"line":63},"5":{"name":"(anonymous_5)","decl":{"start":{"line":68,"column":2},"end":{"line":68,"column":3}},"loc":{"start":{"line":68,"column":11},"end":{"line":91,"column":3}},"line":68},"6":{"name":"(anonymous_6)","decl":{"start":{"line":77,"column":24},"end":{"line":77,"column":25}},"loc":{"start":{"line":78,"column":14},"end":{"line":85,"column":113}},"line":78},"7":{"name":"(anonymous_7)","decl":{"start":{"line":83,"column":77},"end":{"line":83,"column":78}},"loc":{"start":{"line":83,"column":83},"end":{"line":83,"column":107}},"line":83},"8":{"name":"(anonymous_8)","decl":{"start":{"line":85,"column":78},"end":{"line":85,"column":79}},"loc":{"start":{"line":85,"column":84},"end":{"line":85,"column":108}},"line":85}},"branchMap":{"0":{"loc":{"start":{"line":44,"column":4},"end":{"line":48,"column":5}},"type":"if","locations":[{"start":{"line":44,"column":4},"end":{"line":48,"column":5}},{"start":{},"end":{}}],"line":44},"1":{"loc":{"start":{"line":54,"column":4},"end":{"line":56,"column":5}},"type":"if","locations":[{"start":{"line":54,"column":4},"end":{"line":56,"column":5}},{"start":{},"end":{}}],"line":54},"2":{"loc":{"start":{"line":75,"column":10},"end":{"line":88,"column":16}},"type":"cond-expr","locations":[{"start":{"line":76,"column":10},"end":{"line":87,"column":13}},{"start":{"line":88,"column":12},"end":{"line":88,"column":16}}],"line":75},"3":{"loc":{"start":{"line":75,"column":10},"end":{"line":75,"column":28}},"type":"binary-expr","locations":[{"start":{"line":75,"column":10},"end":{"line":75,"column":16}},{"start":{"line":75,"column":20},"end":{"line":75,"column":28}}],"line":75},"4":{"loc":{"start":{"line":78,"column":14},"end":{"line":85,"column":113}},"type":"cond-expr","locations":[{"start":{"line":79,"column":16},"end":{"line":84,"column":27}},{"start":{"line":85,"column":19},"end":{"line":85,"column":112}}],"line":78}},"s":{"0":1,"1":1,"2":1,"3":1,"4":1,"5":1,"6":1,"7":1,"8":1,"9":0,"10":0,"11":0,"12":0,"13":0,"14":0,"15":0,"16":0,"17":0,"18":0,"19":0,"20":1,"21":1,"22":0,"23":0,"24":0},"f":{"0":1,"1":0,"2":0,"3":0,"4":0,"5":1,"6":0,"7":0,"8":0},"b":{"0":[0,0],"1":[0,0],"2":[1,0],"3":[1,1],"4":[0,0]},"_coverageSchema":"1a1c01bbd47fc00a2c39e90264f33305004495a9","hash":"7d4b4f474d7ffe17f7348cbf03922f42ab6ed7cc"}
,"/HR/repos/ProjectCatwalk/client/src/components/QandA/SearchQuestions.jsx": {"path":"/HR/repos/ProjectCatwalk/client/src/components/QandA/SearchQuestions.jsx","statementMap":{"0":{"start":{"line":4,"column":18},"end":{"line":8,"column":1}},"1":{"start":{"line":12,"column":4},"end":{"line":12,"column":17}},"2":{"start":{"line":14,"column":4},"end":{"line":16,"column":6}},"3":{"start":{"line":18,"column":4},"end":{"line":18,"column":53}},"4":{"start":{"line":22,"column":29},"end":{"line":22,"column":39}},"5":{"start":{"line":23,"column":22},"end":{"line":23,"column":32}},"6":{"start":{"line":24,"column":21},"end":{"line":24,"column":40}},"7":{"start":{"line":25,"column":4},"end":{"line":25,"column":27}},"8":{"start":{"line":29,"column":4},"end":{"line":29,"column":23}},"9":{"start":{"line":30,"column":4},"end":{"line":32,"column":7}},"10":{"start":{"line":36,"column":22},"end":{"line":36,"column":32}},"11":{"start":{"line":37,"column":4},"end":{"line":41,"column":6}}},"fnMap":{"0":{"name":"(anonymous_0)","decl":{"start":{"line":11,"column":2},"end":{"line":11,"column":3}},"loc":{"start":{"line":11,"column":21},"end":{"line":19,"column":3}},"line":11},"1":{"name":"(anonymous_1)","decl":{"start":{"line":21,"column":2},"end":{"line":21,"column":3}},"loc":{"start":{"line":21,"column":23},"end":{"line":26,"column":3}},"line":21},"2":{"name":"(anonymous_2)","decl":{"start":{"line":28,"column":2},"end":{"line":28,"column":3}},"loc":{"start":{"line":28,"column":18},"end":{"line":33,"column":3}},"line":28},"3":{"name":"(anonymous_3)","decl":{"start":{"line":35,"column":2},"end":{"line":35,"column":3}},"loc":{"start":{"line":35,"column":11},"end":{"line":42,"column":3}},"line":35}},"branchMap":{},"s":{"0":1,"1":1,"2":1,"3":1,"4":0,"5":0,"6":0,"7":0,"8":0,"9":0,"10":1,"11":1},"f":{"0":1,"1":0,"2":0,"3":1},"b":{},"_coverageSchema":"1a1c01bbd47fc00a2c39e90264f33305004495a9","hash":"63cd1c8f7728338e559d874d048395f029590d32"}
,"/HR/repos/ProjectCatwalk/client/src/components/RatingsAndReviews/HelpfulCount.jsx": {"path":"/HR/repos/ProjectCatwalk/client/src/components/RatingsAndReviews/HelpfulCount.jsx","statementMap":{"0":{"start":{"line":4,"column":12},"end":{"line":8,"column":1}},"1":{"start":{"line":10,"column":15},"end":{"line":15,"column":1}},"2":{"start":{"line":19,"column":4},"end":{"line":19,"column":17}},"3":{"start":{"line":20,"column":4},"end":{"line":23,"column":6}},"4":{"start":{"line":24,"column":4},"end":{"line":24,"column":47}},"5":{"start":{"line":28,"column":4},"end":{"line":28,"column":33}},"6":{"start":{"line":29,"column":4},"end":{"line":29,"column":21}},"7":{"start":{"line":33,"column":4},"end":{"line":39,"column":6}}},"fnMap":{"0":{"name":"(anonymous_0)","decl":{"start":{"line":18,"column":2},"end":{"line":18,"column":3}},"loc":{"start":{"line":18,"column":21},"end":{"line":25,"column":3}},"line":18},"1":{"name":"(anonymous_1)","decl":{"start":{"line":27,"column":2},"end":{"line":27,"column":3}},"loc":{"start":{"line":27,"column":14},"end":{"line":30,"column":3}},"line":27},"2":{"name":"(anonymous_2)","decl":{"start":{"line":32,"column":2},"end":{"line":32,"column":3}},"loc":{"start":{"line":32,"column":11},"end":{"line":40,"column":3}},"line":32}},"branchMap":{},"s":{"0":1,"1":1,"2":4,"3":4,"4":4,"5":0,"6":0,"7":4},"f":{"0":4,"1":0,"2":4},"b":{},"_coverageSchema":"1a1c01bbd47fc00a2c39e90264f33305004495a9","hash":"b7c4d959597f65d526c42bbcd33412e0e7eca7db"}
,"/HR/repos/ProjectCatwalk/client/src/components/RatingsAndReviews/Modal.jsx": {"path":"/HR/repos/ProjectCatwalk/client/src/components/RatingsAndReviews/Modal.jsx","statementMap":{"0":{"start":{"line":6,"column":13},"end":{"line":18,"column":1}},"1":{"start":{"line":20,"column":18},"end":{"line":22,"column":1}},"2":{"start":{"line":24,"column":18},"end":{"line":37,"column":1}},"3":{"start":{"line":39,"column":11},"end":{"line":45,"column":1}},"4":{"start":{"line":47,"column":14},"end":{"line":52,"column":1}},"5":{"start":{"line":54,"column":24},"end":{"line":59,"column":1}},"6":{"start":{"line":61,"column":13},"end":{"line":66,"column":1}},"7":{"start":{"line":68,"column":17},"end":{"line":73,"column":1}},"8":{"start":{"line":79,"column":18},"end":{"line":87,"column":1}},"9":{"start":{"line":89,"column":15},"end":{"line":93,"column":2}},"10":{"start":{"line":95,"column":15},"end":{"line":102,"column":2}},"11":{"start":{"line":106,"column":4},"end":{"line":106,"column":17}},"12":{"start":{"line":107,"column":4},"end":{"line":109,"column":6}},"13":{"start":{"line":110,"column":4},"end":{"line":110,"column":55}},"14":{"start":{"line":118,"column":28},"end":{"line":118,"column":40}},"15":{"start":{"line":119,"column":4},"end":{"line":121,"column":7}},"16":{"start":{"line":122,"column":4},"end":{"line":122,"column":28}},"17":{"start":{"line":126,"column":4},"end":{"line":293,"column":6}}},"fnMap":{"0":{"name":"(anonymous_0)","decl":{"start":{"line":105,"column":2},"end":{"line":105,"column":3}},"loc":{"start":{"line":105,"column":21},"end":{"line":111,"column":3}},"line":105},"1":{"name":"(anonymous_1)","decl":{"start":{"line":113,"column":2},"end":{"line":113,"column":3}},"loc":{"start":{"line":113,"column":22},"end":{"line":115,"column":3}},"line":113},"2":{"name":"(anonymous_2)","decl":{"start":{"line":117,"column":2},"end":{"line":117,"column":3}},"loc":{"start":{"line":117,"column":23},"end":{"line":123,"column":3}},"line":117},"3":{"name":"(anonymous_3)","decl":{"start":{"line":125,"column":2},"end":{"line":125,"column":3}},"loc":{"start":{"line":125,"column":11},"end":{"line":294,"column":3}},"line":125}},"branchMap":{"0":{"loc":{"start":{"line":144,"column":24},"end":{"line":144,"column":75}},"type":"cond-expr","locations":[{"start":{"line":144,"column":42},"end":{"line":144,"column":57}},{"start":{"line":144,"column":60},"end":{"line":144,"column":75}}],"line":144},"1":{"loc":{"start":{"line":168,"column":25},"end":{"line":168,"column":78}},"type":"cond-expr","locations":[{"start":{"line":168,"column":44},"end":{"line":168,"column":60}},{"start":{"line":168,"column":63},"end":{"line":168,"column":78}}],"line":168},"2":{"loc":{"start":{"line":192,"column":27},"end":{"line":192,"column":84}},"type":"cond-expr","locations":[{"start":{"line":192,"column":48},"end":{"line":192,"column":66}},{"start":{"line":192,"column":69},"end":{"line":192,"column":84}}],"line":192},"3":{"loc":{"start":{"line":216,"column":27},"end":{"line":216,"column":84}},"type":"cond-expr","locations":[{"start":{"line":216,"column":48},"end":{"line":216,"column":66}},{"start":{"line":216,"column":69},"end":{"line":216,"column":84}}],"line":216},"4":{"loc":{"start":{"line":240,"column":26},"end":{"line":240,"column":81}},"type":"cond-expr","locations":[{"start":{"line":240,"column":46},"end":{"line":240,"column":63}},{"start":{"line":240,"column":66},"end":{"line":240,"column":81}}],"line":240},"5":{"loc":{"start":{"line":264,"column":23},"end":{"line":264,"column":72}},"type":"cond-expr","locations":[{"start":{"line":264,"column":40},"end":{"line":264,"column":54}},{"start":{"line":264,"column":57},"end":{"line":264,"column":72}}],"line":264}},"s":{"0":1,"1":1,"2":1,"3":1,"4":1,"5":1,"6":1,"7":1,"8":1,"9":1,"10":1,"11":1,"12":1,"13":1,"14":0,"15":0,"16":0,"17":1},"f":{"0":1,"1":1,"2":0,"3":1},"b":{"0":[0,1],"1":[0,1],"2":[0,1],"3":[0,1],"4":[0,1],"5":[0,1]},"_coverageSchema":"1a1c01bbd47fc00a2c39e90264f33305004495a9","hash":"4f3b0393c8f80b92b87bc9915dfd5968cecb8ca7"}
,"/HR/repos/ProjectCatwalk/client/src/components/RatingsAndReviews/ProductBreakdown.jsx": {"path":"/HR/repos/ProjectCatwalk/client/src/components/RatingsAndReviews/ProductBreakdown.jsx","statementMap":{"0":{"start":{"line":4,"column":15},"end":{"line":13,"column":1}},"1":{"start":{"line":20,"column":15},"end":{"line":23,"column":1}},"2":{"start":{"line":25,"column":14},"end":{"line":28,"column":1}},"3":{"start":{"line":30,"column":14},"end":{"line":36,"column":1}},"4":{"start":{"line":38,"column":14},"end":{"line":42,"column":1}},"5":{"start":{"line":44,"column":15},"end":{"line":49,"column":1}},"6":{"start":{"line":51,"column":15},"end":{"line":55,"column":1}},"7":{"start":{"line":57,"column":12},"end":{"line":72,"column":4}},"8":{"start":{"line":78,"column":4},"end":{"line":78,"column":17}},"9":{"start":{"line":79,"column":4},"end":{"line":81,"column":6}},"10":{"start":{"line":85,"column":4},"end":{"line":196,"column":6}}},"fnMap":{"0":{"name":"(anonymous_0)","decl":{"start":{"line":77,"column":2},"end":{"line":77,"column":3}},"loc":{"start":{"line":77,"column":21},"end":{"line":82,"column":3}},"line":77},"1":{"name":"(anonymous_1)","decl":{"start":{"line":84,"column":2},"end":{"line":84,"column":3}},"loc":{"start":{"line":84,"column":11},"end":{"line":197,"column":3}},"line":84}},"branchMap":{},"s":{"0":1,"1":1,"2":1,"3":1,"4":1,"5":1,"6":1,"7":1,"8":2,"9":2,"10":2},"f":{"0":2,"1":2},"b":{},"_coverageSchema":"1a1c01bbd47fc00a2c39e90264f33305004495a9","hash":"6f8fd9776e37aabe639a2dd5eaed4447f78dfdd9"}
,"/HR/repos/ProjectCatwalk/client/src/components/RatingsAndReviews/RatingBreakdown.jsx": {"path":"/HR/repos/ProjectCatwalk/client/src/components/RatingsAndReviews/RatingBreakdown.jsx","statementMap":{"0":{"start":{"line":5,"column":16},"end":{"line":14,"column":1}},"1":{"start":{"line":16,"column":15},"end":{"line":20,"column":1}},"2":{"start":{"line":22,"column":13},"end":{"line":26,"column":1}},"3":{"start":{"line":28,"column":15},"end":{"line":32,"column":1}},"4":{"start":{"line":34,"column":12},"end":{"line":59,"column":4}},"5":{"start":{"line":51,"column":33},"end":{"line":51,"column":66}},"6":{"start":{"line":58,"column":22},"end":{"line":58,"column":39}},"7":{"start":{"line":63,"column":4},"end":{"line":63,"column":17}},"8":{"start":{"line":64,"column":4},"end":{"line":66,"column":6}},"9":{"start":{"line":70,"column":26},"end":{"line":77,"column":5}},"10":{"start":{"line":78,"column":4},"end":{"line":83,"column":5}},"11":{"start":{"line":79,"column":6},"end":{"line":82,"column":9}},"12":{"start":{"line":80,"column":8},"end":{"line":80,"column":54}},"13":{"start":{"line":81,"column":8},"end":{"line":81,"column":50}},"14":{"start":{"line":84,"column":4},"end":{"line":84,"column":25}},"15":{"start":{"line":88,"column":25},"end":{"line":88,"column":50}},"16":{"start":{"line":89,"column":26},"end":{"line":89,"column":64}},"17":{"start":{"line":90,"column":4},"end":{"line":148,"column":6}}},"fnMap":{"0":{"name":"(anonymous_0)","decl":{"start":{"line":51,"column":24},"end":{"line":51,"column":25}},"loc":{"start":{"line":51,"column":33},"end":{"line":51,"column":66}},"line":51},"1":{"name":"(anonymous_1)","decl":{"start":{"line":58,"column":13},"end":{"line":58,"column":14}},"loc":{"start":{"line":58,"column":22},"end":{"line":58,"column":39}},"line":58},"2":{"name":"(anonymous_2)","decl":{"start":{"line":62,"column":2},"end":{"line":62,"column":3}},"loc":{"start":{"line":62,"column":21},"end":{"line":67,"column":3}},"line":62},"3":{"name":"(anonymous_3)","decl":{"start":{"line":69,"column":2},"end":{"line":69,"column":3}},"loc":{"start":{"line":69,"column":25},"end":{"line":85,"column":3}},"line":69},"4":{"name":"(anonymous_4)","decl":{"start":{"line":79,"column":22},"end":{"line":79,"column":23}},"loc":{"start":{"line":79,"column":34},"end":{"line":82,"column":7}},"line":79},"5":{"name":"(anonymous_5)","decl":{"start":{"line":87,"column":2},"end":{"line":87,"column":3}},"loc":{"start":{"line":87,"column":11},"end":{"line":149,"column":3}},"line":87}},"branchMap":{"0":{"loc":{"start":{"line":51,"column":33},"end":{"line":51,"column":66}},"type":"cond-expr","locations":[{"start":{"line":51,"column":47},"end":{"line":51,"column":56}},{"start":{"line":51,"column":59},"end":{"line":51,"column":66}}],"line":51},"1":{"loc":{"start":{"line":78,"column":4},"end":{"line":83,"column":5}},"type":"if","locations":[{"start":{"line":78,"column":4},"end":{"line":83,"column":5}},{"start":{},"end":{}}],"line":78}},"s":{"0":1,"1":1,"2":1,"3":1,"4":1,"5":10,"6":10,"7":2,"8":2,"9":2,"10":2,"11":1,"12":2,"13":2,"14":2,"15":2,"16":2,"17":2},"f":{"0":10,"1":10,"2":2,"3":2,"4":2,"5":2},"b":{"0":[0,10],"1":[1,1]},"_coverageSchema":"1a1c01bbd47fc00a2c39e90264f33305004495a9","hash":"1700b39c21cf9a07062ce76ac14fee23dcefb24b"}
,"/HR/repos/ProjectCatwalk/client/src/components/RatingsAndReviews/RatingsAndReviews.jsx": {"path":"/HR/repos/ProjectCatwalk/client/src/components/RatingsAndReviews/RatingsAndReviews.jsx","statementMap":{"0":{"start":{"line":9,"column":15},"end":{"line":11,"column":1}},"1":{"start":{"line":13,"column":15},"end":{"line":19,"column":1}},"2":{"start":{"line":21,"column":16},"end":{"line":27,"column":1}},"3":{"start":{"line":29,"column":15},"end":{"line":34,"column":1}},"4":{"start":{"line":36,"column":12},"end":{"line":39,"column":1}},"5":{"start":{"line":41,"column":15},"end":{"line":46,"column":1}},"6":{"start":{"line":48,"column":18},"end":{"line":50,"column":1}},"7":{"start":{"line":52,"column":15},"end":{"line":58,"column":1}},"8":{"start":{"line":62,"column":4},"end":{"line":62,"column":17}},"9":{"start":{"line":63,"column":4},"end":{"line":67,"column":6}},"10":{"start":{"line":71,"column":19},"end":{"line":71,"column":24}},"11":{"start":{"line":72,"column":4},"end":{"line":79,"column":9}},"12":{"start":{"line":78,"column":8},"end":{"line":78,"column":57}},"13":{"start":{"line":80,"column":4},"end":{"line":88,"column":9}},"14":{"start":{"line":86,"column":8},"end":{"line":86,"column":46}},"15":{"start":{"line":87,"column":8},"end":{"line":87,"column":46}},"16":{"start":{"line":92,"column":4},"end":{"line":128,"column":6}},"17":{"start":{"line":122,"column":49},"end":{"line":122,"column":95}}},"fnMap":{"0":{"name":"(anonymous_0)","decl":{"start":{"line":61,"column":2},"end":{"line":61,"column":3}},"loc":{"start":{"line":61,"column":21},"end":{"line":68,"column":3}},"line":61},"1":{"name":"(anonymous_1)","decl":{"start":{"line":70,"column":2},"end":{"line":70,"column":3}},"loc":{"start":{"line":70,"column":22},"end":{"line":89,"column":3}},"line":70},"2":{"name":"(anonymous_2)","decl":{"start":{"line":77,"column":12},"end":{"line":77,"column":13}},"loc":{"start":{"line":77,"column":25},"end":{"line":79,"column":7}},"line":77},"3":{"name":"(anonymous_3)","decl":{"start":{"line":85,"column":12},"end":{"line":85,"column":13}},"loc":{"start":{"line":85,"column":25},"end":{"line":88,"column":7}},"line":85},"4":{"name":"(anonymous_4)","decl":{"start":{"line":91,"column":2},"end":{"line":91,"column":3}},"loc":{"start":{"line":91,"column":11},"end":{"line":129,"column":3}},"line":91},"5":{"name":"(anonymous_5)","decl":{"start":{"line":122,"column":43},"end":{"line":122,"column":44}},"loc":{"start":{"line":122,"column":49},"end":{"line":122,"column":95}},"line":122}},"branchMap":{"0":{"loc":{"start":{"line":110,"column":13},"end":{"line":116,"column":20}},"type":"cond-expr","locations":[{"start":{"line":111,"column":14},"end":{"line":113,"column":23}},{"start":{"line":114,"column":16},"end":{"line":116,"column":20}}],"line":110}},"s":{"0":1,"1":1,"2":1,"3":1,"4":1,"5":1,"6":1,"7":1,"8":1,"9":1,"10":1,"11":1,"12":0,"13":1,"14":0,"15":0,"16":1,"17":0},"f":{"0":1,"1":1,"2":0,"3":0,"4":1,"5":0},"b":{"0":[0,1]},"_coverageSchema":"1a1c01bbd47fc00a2c39e90264f33305004495a9","hash":"69f54af17aa179a40f09641e9f1aa5b3100d4d03"}
,"/HR/repos/ProjectCatwalk/client/src/components/RatingsAndReviews/ReviewItem.jsx": {"path":"/HR/repos/ProjectCatwalk/client/src/components/RatingsAndReviews/ReviewItem.jsx","statementMap":{"0":{"start":{"line":6,"column":12},"end":{"line":10,"column":1}},"1":{"start":{"line":12,"column":13},"end":{"line":14,"column":1}},"2":{"start":{"line":16,"column":18},"end":{"line":20,"column":1}},"3":{"start":{"line":22,"column":15},"end":{"line":28,"column":1}},"4":{"start":{"line":30,"column":14},"end":{"line":39,"column":1}},"5":{"start":{"line":43,"column":4},"end":{"line":43,"column":17}},"6":{"start":{"line":44,"column":4},"end":{"line":46,"column":6}},"7":{"start":{"line":50,"column":4},"end":{"line":81,"column":6}},"8":{"start":{"line":61,"column":56},"end":{"line":61,"column":123}},"9":{"start":{"line":70,"column":12},"end":{"line":70,"column":58}}},"fnMap":{"0":{"name":"(anonymous_0)","decl":{"start":{"line":42,"column":2},"end":{"line":42,"column":3}},"loc":{"start":{"line":42,"column":21},"end":{"line":47,"column":3}},"line":42},"1":{"name":"(anonymous_1)","decl":{"start":{"line":49,"column":2},"end":{"line":49,"column":3}},"loc":{"start":{"line":49,"column":11},"end":{"line":82,"column":3}},"line":49},"2":{"name":"(anonymous_2)","decl":{"start":{"line":61,"column":50},"end":{"line":61,"column":51}},"loc":{"start":{"line":61,"column":56},"end":{"line":61,"column":123}},"line":61},"3":{"name":"(anonymous_3)","decl":{"start":{"line":69,"column":33},"end":{"line":69,"column":34}},"loc":{"start":{"line":70,"column":12},"end":{"line":70,"column":58}},"line":70}},"branchMap":{"0":{"loc":{"start":{"line":57,"column":11},"end":{"line":66,"column":29}},"type":"cond-expr","locations":[{"start":{"line":59,"column":14},"end":{"line":64,"column":20}},{"start":{"line":66,"column":14},"end":{"line":66,"column":29}}],"line":57},"1":{"loc":{"start":{"line":60,"column":17},"end":{"line":60,"column":95}},"type":"cond-expr","locations":[{"start":{"line":60,"column":48},"end":{"line":60,"column":63}},{"start":{"line":60,"column":66},"end":{"line":60,"column":95}}],"line":60},"2":{"loc":{"start":{"line":62,"column":19},"end":{"line":62,"column":75}},"type":"cond-expr","locations":[{"start":{"line":62,"column":50},"end":{"line":62,"column":61}},{"start":{"line":62,"column":64},"end":{"line":62,"column":75}}],"line":62},"3":{"loc":{"start":{"line":76,"column":17},"end":{"line":76,"column":78}},"type":"cond-expr","locations":[{"start":{"line":76,"column":40},"end":{"line":76,"column":71}},{"start":{"line":76,"column":74},"end":{"line":76,"column":78}}],"line":76},"4":{"loc":{"start":{"line":78,"column":14},"end":{"line":78,"column":89}},"type":"cond-expr","locations":[{"start":{"line":78,"column":36},"end":{"line":78,"column":82}},{"start":{"line":78,"column":85},"end":{"line":78,"column":89}}],"line":78}},"s":{"0":1,"1":1,"2":1,"3":1,"4":1,"5":3,"6":3,"7":3,"8":0,"9":4},"f":{"0":3,"1":3,"2":0,"3":4},"b":{"0":[0,3],"1":[0,0],"2":[0,0],"3":[2,1],"4":[1,2]},"_coverageSchema":"1a1c01bbd47fc00a2c39e90264f33305004495a9","hash":"f7285e06deab97276b364509fe6badbd651f6f26"}
,"/HR/repos/ProjectCatwalk/client/src/components/RatingsAndReviews/ReviewStars.jsx": {"path":"/HR/repos/ProjectCatwalk/client/src/components/RatingsAndReviews/ReviewStars.jsx","statementMap":{"0":{"start":{"line":4,"column":15},"end":{"line":6,"column":1}},"1":{"start":{"line":8,"column":13},"end":{"line":26,"column":4}},"2":{"start":{"line":10,"column":24},"end":{"line":10,"column":56}},"3":{"start":{"line":20,"column":22},"end":{"line":20,"column":54}},"4":{"start":{"line":25,"column":22},"end":{"line":25,"column":101}},"5":{"start":{"line":32,"column":4},"end":{"line":32,"column":17}},"6":{"start":{"line":33,"column":4},"end":{"line":35,"column":6}},"7":{"start":{"line":39,"column":17},"end":{"line":39,"column":34}},"8":{"start":{"line":41,"column":18},"end":{"line":41,"column":20}},"9":{"start":{"line":42,"column":4},"end":{"line":61,"column":5}},"10":{"start":{"line":42,"column":17},"end":{"line":42,"column":18}},"11":{"start":{"line":43,"column":6},"end":{"line":60,"column":7}},"12":{"start":{"line":44,"column":8},"end":{"line":44,"column":52}},"13":{"start":{"line":45,"column":8},"end":{"line":45,"column":20}},"14":{"start":{"line":46,"column":13},"end":{"line":60,"column":7}},"15":{"start":{"line":47,"column":8},"end":{"line":55,"column":9}},"16":{"start":{"line":48,"column":10},"end":{"line":48,"column":54}},"17":{"start":{"line":49,"column":15},"end":{"line":55,"column":9}},"18":{"start":{"line":50,"column":10},"end":{"line":50,"column":66}},"19":{"start":{"line":51,"column":15},"end":{"line":55,"column":9}},"20":{"start":{"line":52,"column":10},"end":{"line":52,"column":59}},"21":{"start":{"line":53,"column":15},"end":{"line":55,"column":9}},"22":{"start":{"line":54,"column":10},"end":{"line":54,"column":62}},"23":{"start":{"line":57,"column":8},"end":{"line":57,"column":19}},"24":{"start":{"line":58,"column":13},"end":{"line":60,"column":7}},"25":{"start":{"line":59,"column":8},"end":{"line":59,"column":58}},"26":{"start":{"line":62,"column":4},"end":{"line":66,"column":6}}},"fnMap":{"0":{"name":"(anonymous_0)","decl":{"start":{"line":10,"column":15},"end":{"line":10,"column":16}},"loc":{"start":{"line":10,"column":24},"end":{"line":10,"column":56}},"line":10},"1":{"name":"(anonymous_1)","decl":{"start":{"line":20,"column":13},"end":{"line":20,"column":14}},"loc":{"start":{"line":20,"column":22},"end":{"line":20,"column":54}},"line":20},"2":{"name":"(anonymous_2)","decl":{"start":{"line":25,"column":13},"end":{"line":25,"column":14}},"loc":{"start":{"line":25,"column":22},"end":{"line":25,"column":101}},"line":25},"3":{"name":"(anonymous_3)","decl":{"start":{"line":31,"column":2},"end":{"line":31,"column":3}},"loc":{"start":{"line":31,"column":21},"end":{"line":36,"column":3}},"line":31},"4":{"name":"(anonymous_4)","decl":{"start":{"line":38,"column":2},"end":{"line":38,"column":3}},"loc":{"start":{"line":38,"column":11},"end":{"line":67,"column":3}},"line":38}},"branchMap":{"0":{"loc":{"start":{"line":10,"column":24},"end":{"line":10,"column":56}},"type":"cond-expr","locations":[{"start":{"line":10,"column":37},"end":{"line":10,"column":47}},{"start":{"line":10,"column":50},"end":{"line":10,"column":56}}],"line":10},"1":{"loc":{"start":{"line":20,"column":22},"end":{"line":20,"column":54}},"type":"cond-expr","locations":[{"start":{"line":20,"column":36},"end":{"line":20,"column":45}},{"start":{"line":20,"column":48},"end":{"line":20,"column":54}}],"line":20},"2":{"loc":{"start":{"line":25,"column":22},"end":{"line":25,"column":101}},"type":"cond-expr","locations":[{"start":{"line":25,"column":42},"end":{"line":25,"column":47}},{"start":{"line":25,"column":50},"end":{"line":25,"column":101}}],"line":25},"3":{"loc":{"start":{"line":25,"column":50},"end":{"line":25,"column":101}},"type":"cond-expr","locations":[{"start":{"line":25,"column":63},"end":{"line":25,"column":68}},{"start":{"line":25,"column":71},"end":{"line":25,"column":101}}],"line":25},"4":{"loc":{"start":{"line":25,"column":71},"end":{"line":25,"column":101}},"type":"cond-expr","locations":[{"start":{"line":25,"column":87},"end":{"line":25,"column":92}},{"start":{"line":25,"column":95},"end":{"line":25,"column":101}}],"line":25},"5":{"loc":{"start":{"line":43,"column":6},"end":{"line":60,"column":7}},"type":"if","locations":[{"start":{"line":43,"column":6},"end":{"line":60,"column":7}},{"start":{"line":46,"column":13},"end":{"line":60,"column":7}}],"line":43},"6":{"loc":{"start":{"line":46,"column":13},"end":{"line":60,"column":7}},"type":"if","locations":[{"start":{"line":46,"column":13},"end":{"line":60,"column":7}},{"start":{"line":58,"column":13},"end":{"line":60,"column":7}}],"line":46},"7":{"loc":{"start":{"line":46,"column":17},"end":{"line":46,"column":41}},"type":"binary-expr","locations":[{"start":{"line":46,"column":17},"end":{"line":46,"column":27}},{"start":{"line":46,"column":31},"end":{"line":46,"column":41}}],"line":46},"8":{"loc":{"start":{"line":47,"column":8},"end":{"line":55,"column":9}},"type":"if","locations":[{"start":{"line":47,"column":8},"end":{"line":55,"column":9}},{"start":{"line":49,"column":15},"end":{"line":55,"column":9}}],"line":47},"9":{"loc":{"start":{"line":49,"column":15},"end":{"line":55,"column":9}},"type":"if","locations":[{"start":{"line":49,"column":15},"end":{"line":55,"column":9}},{"start":{"line":51,"column":15},"end":{"line":55,"column":9}}],"line":49},"10":{"loc":{"start":{"line":49,"column":19},"end":{"line":49,"column":50}},"type":"binary-expr","locations":[{"start":{"line":49,"column":19},"end":{"line":49,"column":31}},{"start":{"line":49,"column":35},"end":{"line":49,"column":50}}],"line":49},"11":{"loc":{"start":{"line":51,"column":15},"end":{"line":55,"column":9}},"type":"if","locations":[{"start":{"line":51,"column":15},"end":{"line":55,"column":9}},{"start":{"line":53,"column":15},"end":{"line":55,"column":9}}],"line":51},"12":{"loc":{"start":{"line":51,"column":19},"end":{"line":51,"column":50}},"type":"binary-expr","locations":[{"start":{"line":51,"column":19},"end":{"line":51,"column":32}},{"start":{"line":51,"column":36},"end":{"line":51,"column":50}}],"line":51},"13":{"loc":{"start":{"line":53,"column":15},"end":{"line":55,"column":9}},"type":"if","locations":[{"start":{"line":53,"column":15},"end":{"line":55,"column":9}},{"start":{},"end":{}}],"line":53},"14":{"loc":{"start":{"line":53,"column":19},"end":{"line":53,"column":48}},"type":"binary-expr","locations":[{"start":{"line":53,"column":19},"end":{"line":53,"column":29}},{"start":{"line":53,"column":33},"end":{"line":53,"column":48}}],"line":53},"15":{"loc":{"start":{"line":58,"column":13},"end":{"line":60,"column":7}},"type":"if","locations":[{"start":{"line":58,"column":13},"end":{"line":60,"column":7}},{"start":{},"end":{}}],"line":58}},"s":{"0":1,"1":1,"2":35,"3":35,"4":35,"5":7,"6":7,"7":8,"8":8,"9":8,"10":8,"11":40,"12":13,"13":13,"14":27,"15":3,"16":0,"17":3,"18":1,"19":2,"20":1,"21":1,"22":1,"23":3,"24":24,"25":19,"26":8},"f":{"0":35,"1":35,"2":35,"3":7,"4":8},"b":{"0":[0,35],"1":[19,16],"2":[1,34],"3":[1,33],"4":[1,32],"5":[13,27],"6":[3,24],"7":[27,22],"8":[0,3],"9":[1,2],"10":[3,2],"11":[1,1],"12":[2,1],"13":[1,0],"14":[1,0],"15":[19,5]},"_coverageSchema":"1a1c01bbd47fc00a2c39e90264f33305004495a9","hash":"5a4f2f1531c2fad3f541a20ee411aab0f5e80219"}
,"/HR/repos/ProjectCatwalk/client/src/components/RatingsAndReviews/ReviewsList.jsx": {"path":"/HR/repos/ProjectCatwalk/client/src/components/RatingsAndReviews/ReviewsList.jsx","statementMap":{"0":{"start":{"line":6,"column":14},"end":{"line":6,"column":30}},"1":{"start":{"line":8,"column":12},"end":{"line":11,"column":1}},"2":{"start":{"line":18,"column":4},"end":{"line":18,"column":17}},"3":{"start":{"line":19,"column":4},"end":{"line":21,"column":6}},"4":{"start":{"line":32,"column":4},"end":{"line":51,"column":6}},"5":{"start":{"line":36,"column":12},"end":{"line":47,"column":18}}},"fnMap":{"0":{"name":"(anonymous_0)","decl":{"start":{"line":17,"column":2},"end":{"line":17,"column":3}},"loc":{"start":{"line":17,"column":21},"end":{"line":22,"column":3}},"line":17},"1":{"name":"(anonymous_1)","decl":{"start":{"line":31,"column":2},"end":{"line":31,"column":3}},"loc":{"start":{"line":31,"column":11},"end":{"line":52,"column":3}},"line":31},"2":{"name":"(anonymous_2)","decl":{"start":{"line":35,"column":10},"end":{"line":35,"column":11}},"loc":{"start":{"line":36,"column":12},"end":{"line":47,"column":18}},"line":36}},"branchMap":{},"s":{"0":1,"1":1,"2":2,"3":2,"4":2,"5":2},"f":{"0":2,"1":2,"2":2},"b":{},"_coverageSchema":"1a1c01bbd47fc00a2c39e90264f33305004495a9","hash":"b53c3c89eb750e075e7d736a04c833f52abbd7c6"}
,"/HR/repos/ProjectCatwalk/client/src/components/RatingsAndReviews/WriteNewReview.jsx": {"path":"/HR/repos/ProjectCatwalk/client/src/components/RatingsAndReviews/WriteNewReview.jsx","statementMap":{"0":{"start":{"line":8,"column":4},"end":{"line":8,"column":17}},"1":{"start":{"line":9,"column":4},"end":{"line":11,"column":6}},"2":{"start":{"line":12,"column":4},"end":{"line":12,"column":51}},"3":{"start":{"line":20,"column":4},"end":{"line":20,"column":35}},"4":{"start":{"line":24,"column":4},"end":{"line":33,"column":6}},"5":{"start":{"line":28,"column":49},"end":{"line":28,"column":78}}},"fnMap":{"0":{"name":"(anonymous_0)","decl":{"start":{"line":7,"column":2},"end":{"line":7,"column":3}},"loc":{"start":{"line":7,"column":21},"end":{"line":13,"column":3}},"line":7},"1":{"name":"(anonymous_1)","decl":{"start":{"line":15,"column":2},"end":{"line":15,"column":3}},"loc":{"start":{"line":15,"column":22},"end":{"line":17,"column":3}},"line":15},"2":{"name":"(anonymous_2)","decl":{"start":{"line":19,"column":2},"end":{"line":19,"column":3}},"loc":{"start":{"line":19,"column":16},"end":{"line":21,"column":3}},"line":19},"3":{"name":"(anonymous_3)","decl":{"start":{"line":23,"column":2},"end":{"line":23,"column":3}},"loc":{"start":{"line":23,"column":11},"end":{"line":34,"column":3}},"line":23},"4":{"name":"(anonymous_4)","decl":{"start":{"line":28,"column":43},"end":{"line":28,"column":44}},"loc":{"start":{"line":28,"column":49},"end":{"line":28,"column":78}},"line":28}},"branchMap":{"0":{"loc":{"start":{"line":26,"column":9},"end":{"line":31,"column":11}},"type":"cond-expr","locations":[{"start":{"line":26,"column":27},"end":{"line":26,"column":67}},{"start":{"line":28,"column":12},"end":{"line":30,"column":21}}],"line":26}},"s":{"0":2,"1":2,"2":2,"3":0,"4":2,"5":0},"f":{"0":2,"1":2,"2":0,"3":2,"4":0},"b":{"0":[0,2]},"_coverageSchema":"1a1c01bbd47fc00a2c39e90264f33305004495a9","hash":"6d90bd4891d8eb486abe54317b42e944d853b91c"}
,"/HR/repos/ProjectCatwalk/client/src/components/RatingsAndReviews/dummy_data.js": {"path":"/HR/repos/ProjectCatwalk/client/src/components/RatingsAndReviews/dummy_data.js","statementMap":{"0":{"start":{"line":1,"column":13},"end":{"line":41,"column":1}}},"fnMap":{},"branchMap":{},"s":{"0":1},"f":{},"b":{},"_coverageSchema":"1a1c01bbd47fc00a2c39e90264f33305004495a9","hash":"85f749089da529ff61b921a8de0783a947f4a014"}
,"/HR/repos/ProjectCatwalk/client/src/components/RelatedItems/CarouselItem.jsx": {"path":"/HR/repos/ProjectCatwalk/client/src/components/RelatedItems/CarouselItem.jsx","statementMap":{"0":{"start":{"line":15,"column":4},"end":{"line":15,"column":17}},"1":{"start":{"line":16,"column":4},"end":{"line":21,"column":6}},"2":{"start":{"line":22,"column":4},"end":{"line":22,"column":49}},"3":{"start":{"line":23,"column":4},"end":{"line":23,"column":71}},"4":{"start":{"line":24,"column":4},"end":{"line":24,"column":49}},"5":{"start":{"line":25,"column":4},"end":{"line":25,"column":51}},"6":{"start":{"line":26,"column":4},"end":{"line":26,"column":51}},"7":{"start":{"line":30,"column":4},"end":{"line":50,"column":5}},"8":{"start":{"line":31,"column":6},"end":{"line":49,"column":11}},"9":{"start":{"line":39,"column":10},"end":{"line":48,"column":11}},"10":{"start":{"line":40,"column":30},"end":{"line":40,"column":63}},"11":{"start":{"line":41,"column":26},"end":{"line":41,"column":72}},"12":{"start":{"line":43,"column":12},"end":{"line":47,"column":15}},"13":{"start":{"line":51,"column":4},"end":{"line":63,"column":9}},"14":{"start":{"line":59,"column":8},"end":{"line":62,"column":11}},"15":{"start":{"line":89,"column":4},"end":{"line":89,"column":23}},"16":{"start":{"line":90,"column":4},"end":{"line":92,"column":7}},"17":{"start":{"line":96,"column":4},"end":{"line":96,"column":23}},"18":{"start":{"line":97,"column":4},"end":{"line":99,"column":7}},"19":{"start":{"line":103,"column":4},"end":{"line":115,"column":5}},"20":{"start":{"line":104,"column":6},"end":{"line":104,"column":84}},"21":{"start":{"line":106,"column":19},"end":{"line":106,"column":63}},"22":{"start":{"line":107,"column":6},"end":{"line":109,"column":7}},"23":{"start":{"line":108,"column":8},"end":{"line":108,"column":26}},"24":{"start":{"line":110,"column":6},"end":{"line":112,"column":7}},"25":{"start":{"line":110,"column":33},"end":{"line":110,"column":73}},"26":{"start":{"line":111,"column":8},"end":{"line":111,"column":47}},"27":{"start":{"line":113,"column":6},"end":{"line":113,"column":63}},"28":{"start":{"line":114,"column":6},"end":{"line":114,"column":26}},"29":{"start":{"line":119,"column":17},"end":{"line":119,"column":61}},"30":{"start":{"line":120,"column":4},"end":{"line":122,"column":5}},"31":{"start":{"line":121,"column":6},"end":{"line":121,"column":24}},"32":{"start":{"line":123,"column":22},"end":{"line":123,"column":80}},"33":{"start":{"line":123,"column":46},"end":{"line":123,"column":79}},"34":{"start":{"line":124,"column":4},"end":{"line":124,"column":64}},"35":{"start":{"line":125,"column":4},"end":{"line":125,"column":24}},"36":{"start":{"line":129,"column":4},"end":{"line":129,"column":39}},"37":{"start":{"line":142,"column":4},"end":{"line":147,"column":5}},"38":{"start":{"line":144,"column":6},"end":{"line":144,"column":83}},"39":{"start":{"line":144,"column":66},"end":{"line":144,"column":81}},"40":{"start":{"line":145,"column":6},"end":{"line":145,"column":91}},"41":{"start":{"line":145,"column":74},"end":{"line":145,"column":89}},"42":{"start":{"line":146,"column":6},"end":{"line":146,"column":55}},"43":{"start":{"line":149,"column":27},"end":{"line":149,"column":59}},"44":{"start":{"line":151,"column":4},"end":{"line":194,"column":5}},"45":{"start":{"line":152,"column":6},"end":{"line":191,"column":8}},"46":{"start":{"line":164,"column":37},"end":{"line":164,"column":39}},"47":{"start":{"line":165,"column":44},"end":{"line":165,"column":46}},"48":{"start":{"line":166,"column":16},"end":{"line":174,"column":19}},"49":{"start":{"line":167,"column":18},"end":{"line":173,"column":19}},"50":{"start":{"line":168,"column":20},"end":{"line":172,"column":21}},"51":{"start":{"line":169,"column":22},"end":{"line":169,"column":48}},"52":{"start":{"line":171,"column":22},"end":{"line":171,"column":49}},"53":{"start":{"line":175,"column":16},"end":{"line":179,"column":19}},"54":{"start":{"line":176,"column":18},"end":{"line":178,"column":19}},"55":{"start":{"line":177,"column":20},"end":{"line":177,"column":54}},"56":{"start":{"line":180,"column":16},"end":{"line":186,"column":18}},"57":{"start":{"line":193,"column":6},"end":{"line":193,"column":21}},"58":{"start":{"line":196,"column":4},"end":{"line":257,"column":5}},"59":{"start":{"line":197,"column":6},"end":{"line":197,"column":60}},"60":{"start":{"line":198,"column":6},"end":{"line":198,"column":21}},"61":{"start":{"line":201,"column":6},"end":{"line":213,"column":7}},"62":{"start":{"line":202,"column":8},"end":{"line":206,"column":10}},"63":{"start":{"line":208,"column":8},"end":{"line":212,"column":10}},"64":{"start":{"line":216,"column":6},"end":{"line":230,"column":7}},"65":{"start":{"line":217,"column":8},"end":{"line":222,"column":10}},"66":{"start":{"line":224,"column":8},"end":{"line":229,"column":10}},"67":{"start":{"line":232,"column":6},"end":{"line":256,"column":8}},"68":{"start":{"line":259,"column":4},"end":{"line":267,"column":6}},"69":{"start":{"line":271,"column":17},"end":{"line":277,"column":1}},"70":{"start":{"line":279,"column":18},"end":{"line":282,"column":1}},"71":{"start":{"line":284,"column":16},"end":{"line":298,"column":1}},"72":{"start":{"line":300,"column":23},"end":{"line":307,"column":1}},"73":{"start":{"line":309,"column":21},"end":{"line":324,"column":1}},"74":{"start":{"line":310,"column":31},"end":{"line":310,"column":42}},"75":{"start":{"line":326,"column":28},"end":{"line":342,"column":1}},"76":{"start":{"line":344,"column":20},"end":{"line":350,"column":1}},"77":{"start":{"line":352,"column":24},"end":{"line":355,"column":1}},"78":{"start":{"line":357,"column":21},"end":{"line":360,"column":1}},"79":{"start":{"line":362,"column":21},"end":{"line":365,"column":1}},"80":{"start":{"line":367,"column":14},"end":{"line":379,"column":1}},"81":{"start":{"line":381,"column":16},"end":{"line":388,"column":1}},"82":{"start":{"line":390,"column":20},"end":{"line":403,"column":1}},"83":{"start":{"line":405,"column":19},"end":{"line":412,"column":1}},"84":{"start":{"line":414,"column":14},"end":{"line":419,"column":1}},"85":{"start":{"line":421,"column":11},"end":{"line":425,"column":1}},"86":{"start":{"line":427,"column":12},"end":{"line":430,"column":1}}},"fnMap":{"0":{"name":"(anonymous_0)","decl":{"start":{"line":14,"column":2},"end":{"line":14,"column":3}},"loc":{"start":{"line":14,"column":21},"end":{"line":27,"column":3}},"line":14},"1":{"name":"(anonymous_1)","decl":{"start":{"line":29,"column":2},"end":{"line":29,"column":3}},"loc":{"start":{"line":29,"column":22},"end":{"line":64,"column":3}},"line":29},"2":{"name":"(anonymous_2)","decl":{"start":{"line":38,"column":14},"end":{"line":38,"column":15}},"loc":{"start":{"line":38,"column":26},"end":{"line":49,"column":9}},"line":38},"3":{"name":"(anonymous_3)","decl":{"start":{"line":58,"column":12},"end":{"line":58,"column":13}},"loc":{"start":{"line":58,"column":25},"end":{"line":63,"column":7}},"line":58},"4":{"name":"(anonymous_4)","decl":{"start":{"line":88,"column":2},"end":{"line":88,"column":3}},"loc":{"start":{"line":88,"column":17},"end":{"line":93,"column":3}},"line":88},"5":{"name":"(anonymous_5)","decl":{"start":{"line":95,"column":2},"end":{"line":95,"column":3}},"loc":{"start":{"line":95,"column":17},"end":{"line":100,"column":3}},"line":95},"6":{"name":"(anonymous_6)","decl":{"start":{"line":102,"column":2},"end":{"line":102,"column":3}},"loc":{"start":{"line":102,"column":15},"end":{"line":116,"column":3}},"line":102},"7":{"name":"(anonymous_7)","decl":{"start":{"line":110,"column":23},"end":{"line":110,"column":24}},"loc":{"start":{"line":110,"column":33},"end":{"line":110,"column":73}},"line":110},"8":{"name":"(anonymous_8)","decl":{"start":{"line":118,"column":2},"end":{"line":118,"column":3}},"loc":{"start":{"line":118,"column":26},"end":{"line":126,"column":3}},"line":118},"9":{"name":"(anonymous_9)","decl":{"start":{"line":123,"column":36},"end":{"line":123,"column":37}},"loc":{"start":{"line":123,"column":46},"end":{"line":123,"column":79}},"line":123},"10":{"name":"(anonymous_10)","decl":{"start":{"line":128,"column":2},"end":{"line":128,"column":3}},"loc":{"start":{"line":128,"column":15},"end":{"line":130,"column":3}},"line":128},"11":{"name":"(anonymous_11)","decl":{"start":{"line":132,"column":2},"end":{"line":132,"column":3}},"loc":{"start":{"line":132,"column":11},"end":{"line":268,"column":3}},"line":132},"12":{"name":"(anonymous_12)","decl":{"start":{"line":144,"column":53},"end":{"line":144,"column":54}},"loc":{"start":{"line":144,"column":66},"end":{"line":144,"column":81}},"line":144},"13":{"name":"(anonymous_13)","decl":{"start":{"line":145,"column":61},"end":{"line":145,"column":62}},"loc":{"start":{"line":145,"column":74},"end":{"line":145,"column":89}},"line":145},"14":{"name":"(anonymous_14)","decl":{"start":{"line":163,"column":34},"end":{"line":163,"column":35}},"loc":{"start":{"line":163,"column":47},"end":{"line":187,"column":15}},"line":163},"15":{"name":"(anonymous_15)","decl":{"start":{"line":166,"column":52},"end":{"line":166,"column":53}},"loc":{"start":{"line":166,"column":61},"end":{"line":174,"column":17}},"line":166},"16":{"name":"(anonymous_16)","decl":{"start":{"line":175,"column":59},"end":{"line":175,"column":60}},"loc":{"start":{"line":175,"column":68},"end":{"line":179,"column":17}},"line":175},"17":{"name":"(anonymous_17)","decl":{"start":{"line":310,"column":20},"end":{"line":310,"column":21}},"loc":{"start":{"line":310,"column":31},"end":{"line":310,"column":42}},"line":310}},"branchMap":{"0":{"loc":{"start":{"line":30,"column":4},"end":{"line":50,"column":5}},"type":"if","locations":[{"start":{"line":30,"column":4},"end":{"line":50,"column":5}},{"start":{},"end":{}}],"line":30},"1":{"loc":{"start":{"line":39,"column":10},"end":{"line":48,"column":11}},"type":"if","locations":[{"start":{"line":39,"column":10},"end":{"line":48,"column":11}},{"start":{},"end":{}}],"line":39},"2":{"loc":{"start":{"line":103,"column":4},"end":{"line":115,"column":5}},"type":"if","locations":[{"start":{"line":103,"column":4},"end":{"line":115,"column":5}},{"start":{"line":105,"column":11},"end":{"line":115,"column":5}}],"line":103},"3":{"loc":{"start":{"line":107,"column":6},"end":{"line":109,"column":7}},"type":"if","locations":[{"start":{"line":107,"column":6},"end":{"line":109,"column":7}},{"start":{},"end":{}}],"line":107},"4":{"loc":{"start":{"line":110,"column":6},"end":{"line":112,"column":7}},"type":"if","locations":[{"start":{"line":110,"column":6},"end":{"line":112,"column":7}},{"start":{},"end":{}}],"line":110},"5":{"loc":{"start":{"line":120,"column":4},"end":{"line":122,"column":5}},"type":"if","locations":[{"start":{"line":120,"column":4},"end":{"line":122,"column":5}},{"start":{},"end":{}}],"line":120},"6":{"loc":{"start":{"line":142,"column":4},"end":{"line":147,"column":5}},"type":"if","locations":[{"start":{"line":142,"column":4},"end":{"line":147,"column":5}},{"start":{},"end":{}}],"line":142},"7":{"loc":{"start":{"line":142,"column":8},"end":{"line":143,"column":57}},"type":"binary-expr","locations":[{"start":{"line":142,"column":8},"end":{"line":142,"column":49}},{"start":{"line":143,"column":9},"end":{"line":143,"column":57}}],"line":142},"8":{"loc":{"start":{"line":151,"column":4},"end":{"line":194,"column":5}},"type":"if","locations":[{"start":{"line":151,"column":4},"end":{"line":194,"column":5}},{"start":{"line":192,"column":11},"end":{"line":194,"column":5}}],"line":151},"9":{"loc":{"start":{"line":167,"column":18},"end":{"line":173,"column":19}},"type":"if","locations":[{"start":{"line":167,"column":18},"end":{"line":173,"column":19}},{"start":{},"end":{}}],"line":167},"10":{"loc":{"start":{"line":168,"column":20},"end":{"line":172,"column":21}},"type":"if","locations":[{"start":{"line":168,"column":20},"end":{"line":172,"column":21}},{"start":{"line":170,"column":27},"end":{"line":172,"column":21}}],"line":168},"11":{"loc":{"start":{"line":176,"column":18},"end":{"line":178,"column":19}},"type":"if","locations":[{"start":{"line":176,"column":18},"end":{"line":178,"column":19}},{"start":{},"end":{}}],"line":176},"12":{"loc":{"start":{"line":196,"column":4},"end":{"line":257,"column":5}},"type":"if","locations":[{"start":{"line":196,"column":4},"end":{"line":257,"column":5}},{"start":{"line":199,"column":11},"end":{"line":257,"column":5}}],"line":196},"13":{"loc":{"start":{"line":201,"column":6},"end":{"line":213,"column":7}},"type":"if","locations":[{"start":{"line":201,"column":6},"end":{"line":213,"column":7}},{"start":{"line":207,"column":13},"end":{"line":213,"column":7}}],"line":201},"14":{"loc":{"start":{"line":216,"column":6},"end":{"line":230,"column":7}},"type":"if","locations":[{"start":{"line":216,"column":6},"end":{"line":230,"column":7}},{"start":{"line":223,"column":13},"end":{"line":230,"column":7}}],"line":216}},"s":{"0":1,"1":1,"2":1,"3":1,"4":1,"5":1,"6":1,"7":0,"8":0,"9":0,"10":0,"11":0,"12":0,"13":0,"14":0,"15":0,"16":0,"17":0,"18":0,"19":0,"20":0,"21":0,"22":0,"23":0,"24":0,"25":0,"26":0,"27":0,"28":0,"29":0,"30":0,"31":0,"32":0,"33":0,"34":0,"35":0,"36":0,"37":1,"38":0,"39":0,"40":0,"41":0,"42":0,"43":1,"44":1,"45":0,"46":0,"47":0,"48":0,"49":0,"50":0,"51":0,"52":0,"53":0,"54":0,"55":0,"56":0,"57":1,"58":1,"59":0,"60":0,"61":1,"62":0,"63":1,"64":1,"65":1,"66":0,"67":1,"68":1,"69":1,"70":1,"71":1,"72":1,"73":1,"74":0,"75":1,"76":1,"77":1,"78":1,"79":1,"80":1,"81":1,"82":1,"83":1,"84":1,"85":1,"86":1},"f":{"0":1,"1":0,"2":0,"3":0,"4":0,"5":0,"6":0,"7":0,"8":0,"9":0,"10":0,"11":1,"12":0,"13":0,"14":0,"15":0,"16":0,"17":0},"b":{"0":[0,0],"1":[0,0],"2":[0,0],"3":[0,0],"4":[0,0],"5":[0,0],"6":[0,1],"7":[1,0],"8":[0,1],"9":[0,0],"10":[0,0],"11":[0,0],"12":[0,1],"13":[0,1],"14":[1,0]},"_coverageSchema":"1a1c01bbd47fc00a2c39e90264f33305004495a9","hash":"812f8ba190108c11a21714c8edae1ca818441e54"}
}
