{"/home/tofu/Documents/hackreactor/ProjectCatwalk/client/src/components/Overview/components/StyleSelector.jsx": {"path":"/home/tofu/Documents/hackreactor/ProjectCatwalk/client/src/components/Overview/components/StyleSelector.jsx","statementMap":{"0":{"start":{"line":4,"column":24},"end":{"line":8,"column":23}},"1":{"start":{"line":10,"column":14},"end":{"line":18,"column":4}},"2":{"start":{"line":20,"column":19},"end":{"line":23,"column":12}},"3":{"start":{"line":25,"column":17},"end":{"line":27,"column":22}},"4":{"start":{"line":31,"column":4},"end":{"line":31,"column":17}},"5":{"start":{"line":33,"column":4},"end":{"line":36,"column":6}},"6":{"start":{"line":38,"column":4},"end":{"line":38,"column":55}},"7":{"start":{"line":39,"column":4},"end":{"line":39,"column":47}},"8":{"start":{"line":40,"column":4},"end":{"line":40,"column":53}},"9":{"start":{"line":44,"column":4},"end":{"line":48,"column":5}},"10":{"start":{"line":45,"column":25},"end":{"line":45,"column":35}},"11":{"start":{"line":46,"column":6},"end":{"line":46,"column":27}},"12":{"start":{"line":47,"column":6},"end":{"line":47,"column":29}},"13":{"start":{"line":52,"column":25},"end":{"line":52,"column":35}},"14":{"start":{"line":53,"column":28},"end":{"line":53,"column":38}},"15":{"start":{"line":54,"column":4},"end":{"line":56,"column":5}},"16":{"start":{"line":55,"column":6},"end":{"line":55,"column":25}},"17":{"start":{"line":60,"column":4},"end":{"line":60,"column":30}},"18":{"start":{"line":64,"column":30},"end":{"line":64,"column":40}},"19":{"start":{"line":65,"column":4},"end":{"line":65,"column":47}},"20":{"start":{"line":72,"column":8},"end":{"line":72,"column":18}},"21":{"start":{"line":73,"column":4},"end":{"line":90,"column":6}},"22":{"start":{"line":78,"column":14},"end":{"line":85,"column":113}},"23":{"start":{"line":83,"column":83},"end":{"line":83,"column":107}},"24":{"start":{"line":85,"column":84},"end":{"line":85,"column":108}}},"fnMap":{"0":{"name":"(anonymous_0)","decl":{"start":{"line":30,"column":2},"end":{"line":30,"column":3}},"loc":{"start":{"line":30,"column":21},"end":{"line":41,"column":3}},"line":30},"1":{"name":"(anonymous_1)","decl":{"start":{"line":43,"column":2},"end":{"line":43,"column":3}},"loc":{"start":{"line":43,"column":36},"end":{"line":49,"column":3}},"line":43},"2":{"name":"(anonymous_2)","decl":{"start":{"line":51,"column":2},"end":{"line":51,"column":3}},"loc":{"start":{"line":51,"column":22},"end":{"line":57,"column":3}},"line":51},"3":{"name":"(anonymous_3)","decl":{"start":{"line":59,"column":2},"end":{"line":59,"column":3}},"loc":{"start":{"line":59,"column":20},"end":{"line":61,"column":3}},"line":59},"4":{"name":"(anonymous_4)","decl":{"start":{"line":63,"column":2},"end":{"line":63,"column":3}},"loc":{"start":{"line":63,"column":18},"end":{"line":66,"column":3}},"line":63},"5":{"name":"(anonymous_5)","decl":{"start":{"line":68,"column":2},"end":{"line":68,"column":3}},"loc":{"start":{"line":68,"column":11},"end":{"line":91,"column":3}},"line":68},"6":{"name":"(anonymous_6)","decl":{"start":{"line":77,"column":24},"end":{"line":77,"column":25}},"loc":{"start":{"line":78,"column":14},"end":{"line":85,"column":113}},"line":78},"7":{"name":"(anonymous_7)","decl":{"start":{"line":83,"column":77},"end":{"line":83,"column":78}},"loc":{"start":{"line":83,"column":83},"end":{"line":83,"column":107}},"line":83},"8":{"name":"(anonymous_8)","decl":{"start":{"line":85,"column":78},"end":{"line":85,"column":79}},"loc":{"start":{"line":85,"column":84},"end":{"line":85,"column":108}},"line":85}},"branchMap":{"0":{"loc":{"start":{"line":44,"column":4},"end":{"line":48,"column":5}},"type":"if","locations":[{"start":{"line":44,"column":4},"end":{"line":48,"column":5}},{"start":{},"end":{}}],"line":44},"1":{"loc":{"start":{"line":54,"column":4},"end":{"line":56,"column":5}},"type":"if","locations":[{"start":{"line":54,"column":4},"end":{"line":56,"column":5}},{"start":{},"end":{}}],"line":54},"2":{"loc":{"start":{"line":75,"column":10},"end":{"line":88,"column":16}},"type":"cond-expr","locations":[{"start":{"line":76,"column":10},"end":{"line":87,"column":13}},{"start":{"line":88,"column":12},"end":{"line":88,"column":16}}],"line":75},"3":{"loc":{"start":{"line":75,"column":10},"end":{"line":75,"column":28}},"type":"binary-expr","locations":[{"start":{"line":75,"column":10},"end":{"line":75,"column":16}},{"start":{"line":75,"column":20},"end":{"line":75,"column":28}}],"line":75},"4":{"loc":{"start":{"line":78,"column":14},"end":{"line":85,"column":113}},"type":"cond-expr","locations":[{"start":{"line":79,"column":16},"end":{"line":84,"column":27}},{"start":{"line":85,"column":19},"end":{"line":85,"column":112}}],"line":78}},"s":{"0":1,"1":1,"2":1,"3":1,"4":1,"5":1,"6":1,"7":1,"8":1,"9":0,"10":0,"11":0,"12":0,"13":0,"14":0,"15":0,"16":0,"17":0,"18":0,"19":0,"20":1,"21":1,"22":0,"23":0,"24":0},"f":{"0":1,"1":0,"2":0,"3":0,"4":0,"5":1,"6":0,"7":0,"8":0},"b":{"0":[0,0],"1":[0,0],"2":[1,0],"3":[1,1],"4":[0,0]},"_coverageSchema":"1a1c01bbd47fc00a2c39e90264f33305004495a9","hash":"8d90a58a57cd1e7e2ba840ce939b3679e542c716"}
,"/home/tofu/Documents/hackreactor/ProjectCatwalk/client/src/components/QandA/SearchQuestions.jsx": {"path":"/home/tofu/Documents/hackreactor/ProjectCatwalk/client/src/components/QandA/SearchQuestions.jsx","statementMap":{"0":{"start":{"line":4,"column":18},"end":{"line":8,"column":1}},"1":{"start":{"line":12,"column":4},"end":{"line":12,"column":17}},"2":{"start":{"line":14,"column":4},"end":{"line":16,"column":6}},"3":{"start":{"line":18,"column":4},"end":{"line":18,"column":53}},"4":{"start":{"line":22,"column":29},"end":{"line":22,"column":39}},"5":{"start":{"line":23,"column":22},"end":{"line":23,"column":32}},"6":{"start":{"line":24,"column":21},"end":{"line":24,"column":40}},"7":{"start":{"line":25,"column":4},"end":{"line":25,"column":27}},"8":{"start":{"line":29,"column":4},"end":{"line":29,"column":23}},"9":{"start":{"line":30,"column":4},"end":{"line":32,"column":7}},"10":{"start":{"line":36,"column":22},"end":{"line":36,"column":32}},"11":{"start":{"line":37,"column":4},"end":{"line":41,"column":6}}},"fnMap":{"0":{"name":"(anonymous_0)","decl":{"start":{"line":11,"column":2},"end":{"line":11,"column":3}},"loc":{"start":{"line":11,"column":21},"end":{"line":19,"column":3}},"line":11},"1":{"name":"(anonymous_1)","decl":{"start":{"line":21,"column":2},"end":{"line":21,"column":3}},"loc":{"start":{"line":21,"column":23},"end":{"line":26,"column":3}},"line":21},"2":{"name":"(anonymous_2)","decl":{"start":{"line":28,"column":2},"end":{"line":28,"column":3}},"loc":{"start":{"line":28,"column":18},"end":{"line":33,"column":3}},"line":28},"3":{"name":"(anonymous_3)","decl":{"start":{"line":35,"column":2},"end":{"line":35,"column":3}},"loc":{"start":{"line":35,"column":11},"end":{"line":42,"column":3}},"line":35}},"branchMap":{},"s":{"0":1,"1":1,"2":1,"3":1,"4":0,"5":0,"6":0,"7":0,"8":0,"9":0,"10":1,"11":1},"f":{"0":1,"1":0,"2":0,"3":1},"b":{},"_coverageSchema":"1a1c01bbd47fc00a2c39e90264f33305004495a9","hash":"1b1dc0d8655752ec04172eef96ac55700648e9a3"}
,"/home/tofu/Documents/hackreactor/ProjectCatwalk/client/src/components/RatingsAndReviews/HelpfulCount.jsx": {"path":"/home/tofu/Documents/hackreactor/ProjectCatwalk/client/src/components/RatingsAndReviews/HelpfulCount.jsx","statementMap":{"0":{"start":{"line":4,"column":12},"end":{"line":8,"column":1}},"1":{"start":{"line":10,"column":15},"end":{"line":15,"column":1}},"2":{"start":{"line":19,"column":4},"end":{"line":19,"column":17}},"3":{"start":{"line":20,"column":4},"end":{"line":23,"column":6}},"4":{"start":{"line":24,"column":4},"end":{"line":24,"column":47}},"5":{"start":{"line":28,"column":4},"end":{"line":28,"column":33}},"6":{"start":{"line":29,"column":4},"end":{"line":29,"column":21}},"7":{"start":{"line":33,"column":4},"end":{"line":39,"column":6}}},"fnMap":{"0":{"name":"(anonymous_0)","decl":{"start":{"line":18,"column":2},"end":{"line":18,"column":3}},"loc":{"start":{"line":18,"column":21},"end":{"line":25,"column":3}},"line":18},"1":{"name":"(anonymous_1)","decl":{"start":{"line":27,"column":2},"end":{"line":27,"column":3}},"loc":{"start":{"line":27,"column":14},"end":{"line":30,"column":3}},"line":27},"2":{"name":"(anonymous_2)","decl":{"start":{"line":32,"column":2},"end":{"line":32,"column":3}},"loc":{"start":{"line":32,"column":11},"end":{"line":40,"column":3}},"line":32}},"branchMap":{},"s":{"0":1,"1":1,"2":1,"3":1,"4":1,"5":0,"6":0,"7":1},"f":{"0":1,"1":0,"2":1},"b":{},"_coverageSchema":"1a1c01bbd47fc00a2c39e90264f33305004495a9","hash":"17e1f3aea7a25201c31894f467640ee0b888bcf8"}
,"/home/tofu/Documents/hackreactor/ProjectCatwalk/client/src/components/RatingsAndReviews/ReviewStars.jsx": {"path":"/home/tofu/Documents/hackreactor/ProjectCatwalk/client/src/components/RatingsAndReviews/ReviewStars.jsx","statementMap":{"0":{"start":{"line":4,"column":15},"end":{"line":6,"column":1}},"1":{"start":{"line":8,"column":13},"end":{"line":26,"column":4}},"2":{"start":{"line":10,"column":24},"end":{"line":10,"column":56}},"3":{"start":{"line":20,"column":22},"end":{"line":20,"column":54}},"4":{"start":{"line":25,"column":22},"end":{"line":25,"column":101}},"5":{"start":{"line":32,"column":4},"end":{"line":32,"column":17}},"6":{"start":{"line":33,"column":4},"end":{"line":35,"column":6}},"7":{"start":{"line":39,"column":17},"end":{"line":39,"column":34}},"8":{"start":{"line":41,"column":18},"end":{"line":41,"column":20}},"9":{"start":{"line":42,"column":4},"end":{"line":61,"column":5}},"10":{"start":{"line":42,"column":17},"end":{"line":42,"column":18}},"11":{"start":{"line":43,"column":6},"end":{"line":60,"column":7}},"12":{"start":{"line":44,"column":8},"end":{"line":44,"column":52}},"13":{"start":{"line":45,"column":8},"end":{"line":45,"column":20}},"14":{"start":{"line":46,"column":13},"end":{"line":60,"column":7}},"15":{"start":{"line":47,"column":8},"end":{"line":55,"column":9}},"16":{"start":{"line":48,"column":10},"end":{"line":48,"column":54}},"17":{"start":{"line":49,"column":15},"end":{"line":55,"column":9}},"18":{"start":{"line":50,"column":10},"end":{"line":50,"column":66}},"19":{"start":{"line":51,"column":15},"end":{"line":55,"column":9}},"20":{"start":{"line":52,"column":10},"end":{"line":52,"column":59}},"21":{"start":{"line":53,"column":15},"end":{"line":55,"column":9}},"22":{"start":{"line":54,"column":10},"end":{"line":54,"column":62}},"23":{"start":{"line":57,"column":8},"end":{"line":57,"column":19}},"24":{"start":{"line":58,"column":13},"end":{"line":60,"column":7}},"25":{"start":{"line":59,"column":8},"end":{"line":59,"column":58}},"26":{"start":{"line":62,"column":4},"end":{"line":66,"column":6}}},"fnMap":{"0":{"name":"(anonymous_0)","decl":{"start":{"line":10,"column":15},"end":{"line":10,"column":16}},"loc":{"start":{"line":10,"column":24},"end":{"line":10,"column":56}},"line":10},"1":{"name":"(anonymous_1)","decl":{"start":{"line":20,"column":13},"end":{"line":20,"column":14}},"loc":{"start":{"line":20,"column":22},"end":{"line":20,"column":54}},"line":20},"2":{"name":"(anonymous_2)","decl":{"start":{"line":25,"column":13},"end":{"line":25,"column":14}},"loc":{"start":{"line":25,"column":22},"end":{"line":25,"column":101}},"line":25},"3":{"name":"(anonymous_3)","decl":{"start":{"line":31,"column":2},"end":{"line":31,"column":3}},"loc":{"start":{"line":31,"column":21},"end":{"line":36,"column":3}},"line":31},"4":{"name":"(anonymous_4)","decl":{"start":{"line":38,"column":2},"end":{"line":38,"column":3}},"loc":{"start":{"line":38,"column":11},"end":{"line":67,"column":3}},"line":38}},"branchMap":{"0":{"loc":{"start":{"line":10,"column":24},"end":{"line":10,"column":56}},"type":"cond-expr","locations":[{"start":{"line":10,"column":37},"end":{"line":10,"column":47}},{"start":{"line":10,"column":50},"end":{"line":10,"column":56}}],"line":10},"1":{"loc":{"start":{"line":20,"column":22},"end":{"line":20,"column":54}},"type":"cond-expr","locations":[{"start":{"line":20,"column":36},"end":{"line":20,"column":45}},{"start":{"line":20,"column":48},"end":{"line":20,"column":54}}],"line":20},"2":{"loc":{"start":{"line":25,"column":22},"end":{"line":25,"column":101}},"type":"cond-expr","locations":[{"start":{"line":25,"column":42},"end":{"line":25,"column":47}},{"start":{"line":25,"column":50},"end":{"line":25,"column":101}}],"line":25},"3":{"loc":{"start":{"line":25,"column":50},"end":{"line":25,"column":101}},"type":"cond-expr","locations":[{"start":{"line":25,"column":63},"end":{"line":25,"column":68}},{"start":{"line":25,"column":71},"end":{"line":25,"column":101}}],"line":25},"4":{"loc":{"start":{"line":25,"column":71},"end":{"line":25,"column":101}},"type":"cond-expr","locations":[{"start":{"line":25,"column":87},"end":{"line":25,"column":92}},{"start":{"line":25,"column":95},"end":{"line":25,"column":101}}],"line":25},"5":{"loc":{"start":{"line":43,"column":6},"end":{"line":60,"column":7}},"type":"if","locations":[{"start":{"line":43,"column":6},"end":{"line":60,"column":7}},{"start":{"line":46,"column":13},"end":{"line":60,"column":7}}],"line":43},"6":{"loc":{"start":{"line":46,"column":13},"end":{"line":60,"column":7}},"type":"if","locations":[{"start":{"line":46,"column":13},"end":{"line":60,"column":7}},{"start":{"line":58,"column":13},"end":{"line":60,"column":7}}],"line":46},"7":{"loc":{"start":{"line":46,"column":17},"end":{"line":46,"column":41}},"type":"binary-expr","locations":[{"start":{"line":46,"column":17},"end":{"line":46,"column":27}},{"start":{"line":46,"column":31},"end":{"line":46,"column":41}}],"line":46},"8":{"loc":{"start":{"line":47,"column":8},"end":{"line":55,"column":9}},"type":"if","locations":[{"start":{"line":47,"column":8},"end":{"line":55,"column":9}},{"start":{"line":49,"column":15},"end":{"line":55,"column":9}}],"line":47},"9":{"loc":{"start":{"line":49,"column":15},"end":{"line":55,"column":9}},"type":"if","locations":[{"start":{"line":49,"column":15},"end":{"line":55,"column":9}},{"start":{"line":51,"column":15},"end":{"line":55,"column":9}}],"line":49},"10":{"loc":{"start":{"line":49,"column":19},"end":{"line":49,"column":50}},"type":"binary-expr","locations":[{"start":{"line":49,"column":19},"end":{"line":49,"column":31}},{"start":{"line":49,"column":35},"end":{"line":49,"column":50}}],"line":49},"11":{"loc":{"start":{"line":51,"column":15},"end":{"line":55,"column":9}},"type":"if","locations":[{"start":{"line":51,"column":15},"end":{"line":55,"column":9}},{"start":{"line":53,"column":15},"end":{"line":55,"column":9}}],"line":51},"12":{"loc":{"start":{"line":51,"column":19},"end":{"line":51,"column":50}},"type":"binary-expr","locations":[{"start":{"line":51,"column":19},"end":{"line":51,"column":32}},{"start":{"line":51,"column":36},"end":{"line":51,"column":50}}],"line":51},"13":{"loc":{"start":{"line":53,"column":15},"end":{"line":55,"column":9}},"type":"if","locations":[{"start":{"line":53,"column":15},"end":{"line":55,"column":9}},{"start":{},"end":{}}],"line":53},"14":{"loc":{"start":{"line":53,"column":19},"end":{"line":53,"column":48}},"type":"binary-expr","locations":[{"start":{"line":53,"column":19},"end":{"line":53,"column":29}},{"start":{"line":53,"column":33},"end":{"line":53,"column":48}}],"line":53},"15":{"loc":{"start":{"line":58,"column":13},"end":{"line":60,"column":7}},"type":"if","locations":[{"start":{"line":58,"column":13},"end":{"line":60,"column":7}},{"start":{},"end":{}}],"line":58}},"s":{"0":1,"1":1,"2":30,"3":30,"4":30,"5":6,"6":6,"7":6,"8":6,"9":6,"10":6,"11":30,"12":0,"13":0,"14":30,"15":0,"16":0,"17":0,"18":0,"19":0,"20":0,"21":0,"22":0,"23":0,"24":30,"25":30,"26":6},"f":{"0":30,"1":30,"2":30,"3":6,"4":6},"b":{"0":[30,0],"1":[30,0],"2":[0,30],"3":[0,30],"4":[0,30],"5":[0,30],"6":[0,30],"7":[30,30],"8":[0,0],"9":[0,0],"10":[0,0],"11":[0,0],"12":[0,0],"13":[0,0],"14":[0,0],"15":[30,0]},"_coverageSchema":"1a1c01bbd47fc00a2c39e90264f33305004495a9","hash":"c33f4e87cfc2755235a70e72ccbd73b61dd1f2b5"}
,"/home/tofu/Documents/hackreactor/ProjectCatwalk/client/src/components/RelatedItems/CarouselItem.jsx": {"path":"/home/tofu/Documents/hackreactor/ProjectCatwalk/client/src/components/RelatedItems/CarouselItem.jsx","statementMap":{"0":{"start":{"line":17,"column":4},"end":{"line":17,"column":17}},"1":{"start":{"line":18,"column":4},"end":{"line":24,"column":6}},"2":{"start":{"line":25,"column":4},"end":{"line":25,"column":49}},"3":{"start":{"line":26,"column":4},"end":{"line":26,"column":71}},"4":{"start":{"line":27,"column":4},"end":{"line":27,"column":49}},"5":{"start":{"line":28,"column":4},"end":{"line":28,"column":51}},"6":{"start":{"line":29,"column":4},"end":{"line":29,"column":51}},"7":{"start":{"line":30,"column":4},"end":{"line":30,"column":43}},"8":{"start":{"line":34,"column":4},"end":{"line":34,"column":19}},"9":{"start":{"line":38,"column":4},"end":{"line":38,"column":23}},"10":{"start":{"line":39,"column":4},"end":{"line":41,"column":7}},"11":{"start":{"line":45,"column":4},"end":{"line":45,"column":23}},"12":{"start":{"line":46,"column":4},"end":{"line":48,"column":7}},"13":{"start":{"line":52,"column":4},"end":{"line":64,"column":5}},"14":{"start":{"line":53,"column":6},"end":{"line":53,"column":84}},"15":{"start":{"line":55,"column":19},"end":{"line":55,"column":63}},"16":{"start":{"line":56,"column":6},"end":{"line":58,"column":7}},"17":{"start":{"line":57,"column":8},"end":{"line":57,"column":26}},"18":{"start":{"line":59,"column":6},"end":{"line":61,"column":7}},"19":{"start":{"line":59,"column":33},"end":{"line":59,"column":73}},"20":{"start":{"line":60,"column":8},"end":{"line":60,"column":47}},"21":{"start":{"line":62,"column":6},"end":{"line":62,"column":63}},"22":{"start":{"line":63,"column":6},"end":{"line":63,"column":26}},"23":{"start":{"line":68,"column":4},"end":{"line":107,"column":5}},"24":{"start":{"line":69,"column":6},"end":{"line":89,"column":11}},"25":{"start":{"line":77,"column":10},"end":{"line":86,"column":11}},"26":{"start":{"line":78,"column":30},"end":{"line":78,"column":63}},"27":{"start":{"line":79,"column":26},"end":{"line":79,"column":72}},"28":{"start":{"line":81,"column":12},"end":{"line":85,"column":15}},"29":{"start":{"line":91,"column":6},"end":{"line":106,"column":11}},"30":{"start":{"line":97,"column":26},"end":{"line":97,"column":27}},"31":{"start":{"line":98,"column":10},"end":{"line":100,"column":13}},"32":{"start":{"line":99,"column":12},"end":{"line":99,"column":39}},"33":{"start":{"line":101,"column":10},"end":{"line":101,"column":51}},"34":{"start":{"line":102,"column":10},"end":{"line":102,"column":58}},"35":{"start":{"line":103,"column":10},"end":{"line":103,"column":39}},"36":{"start":{"line":108,"column":4},"end":{"line":122,"column":9}},"37":{"start":{"line":116,"column":8},"end":{"line":119,"column":11}},"38":{"start":{"line":126,"column":17},"end":{"line":126,"column":61}},"39":{"start":{"line":127,"column":4},"end":{"line":129,"column":5}},"40":{"start":{"line":128,"column":6},"end":{"line":128,"column":24}},"41":{"start":{"line":130,"column":22},"end":{"line":130,"column":80}},"42":{"start":{"line":130,"column":46},"end":{"line":130,"column":79}},"43":{"start":{"line":131,"column":4},"end":{"line":131,"column":64}},"44":{"start":{"line":132,"column":4},"end":{"line":132,"column":24}},"45":{"start":{"line":136,"column":4},"end":{"line":136,"column":39}},"46":{"start":{"line":149,"column":4},"end":{"line":154,"column":5}},"47":{"start":{"line":151,"column":6},"end":{"line":151,"column":83}},"48":{"start":{"line":151,"column":66},"end":{"line":151,"column":81}},"49":{"start":{"line":152,"column":6},"end":{"line":152,"column":91}},"50":{"start":{"line":152,"column":74},"end":{"line":152,"column":89}},"51":{"start":{"line":153,"column":6},"end":{"line":153,"column":55}},"52":{"start":{"line":156,"column":27},"end":{"line":156,"column":59}},"53":{"start":{"line":158,"column":4},"end":{"line":201,"column":5}},"54":{"start":{"line":159,"column":6},"end":{"line":198,"column":8}},"55":{"start":{"line":171,"column":37},"end":{"line":171,"column":39}},"56":{"start":{"line":172,"column":44},"end":{"line":172,"column":46}},"57":{"start":{"line":173,"column":16},"end":{"line":181,"column":19}},"58":{"start":{"line":174,"column":18},"end":{"line":180,"column":19}},"59":{"start":{"line":175,"column":20},"end":{"line":179,"column":21}},"60":{"start":{"line":176,"column":22},"end":{"line":176,"column":48}},"61":{"start":{"line":178,"column":22},"end":{"line":178,"column":49}},"62":{"start":{"line":182,"column":16},"end":{"line":186,"column":19}},"63":{"start":{"line":183,"column":18},"end":{"line":185,"column":19}},"64":{"start":{"line":184,"column":20},"end":{"line":184,"column":54}},"65":{"start":{"line":187,"column":16},"end":{"line":193,"column":18}},"66":{"start":{"line":200,"column":6},"end":{"line":200,"column":21}},"67":{"start":{"line":203,"column":4},"end":{"line":254,"column":5}},"68":{"start":{"line":204,"column":6},"end":{"line":204,"column":60}},"69":{"start":{"line":205,"column":6},"end":{"line":205,"column":21}},"70":{"start":{"line":208,"column":6},"end":{"line":220,"column":7}},"71":{"start":{"line":209,"column":8},"end":{"line":213,"column":10}},"72":{"start":{"line":215,"column":8},"end":{"line":219,"column":10}},"73":{"start":{"line":223,"column":8},"end":{"line":226,"column":16}},"74":{"start":{"line":229,"column":6},"end":{"line":253,"column":8}},"75":{"start":{"line":256,"column":4},"end":{"line":264,"column":6}},"76":{"start":{"line":268,"column":17},"end":{"line":274,"column":1}},"77":{"start":{"line":276,"column":18},"end":{"line":279,"column":1}},"78":{"start":{"line":281,"column":16},"end":{"line":295,"column":1}},"79":{"start":{"line":297,"column":23},"end":{"line":304,"column":1}},"80":{"start":{"line":306,"column":21},"end":{"line":321,"column":1}},"81":{"start":{"line":307,"column":31},"end":{"line":307,"column":42}},"82":{"start":{"line":323,"column":28},"end":{"line":339,"column":1}},"83":{"start":{"line":341,"column":20},"end":{"line":347,"column":1}},"84":{"start":{"line":349,"column":24},"end":{"line":352,"column":1}},"85":{"start":{"line":354,"column":21},"end":{"line":357,"column":1}},"86":{"start":{"line":359,"column":21},"end":{"line":362,"column":1}},"87":{"start":{"line":364,"column":14},"end":{"line":376,"column":1}},"88":{"start":{"line":378,"column":16},"end":{"line":385,"column":1}},"89":{"start":{"line":387,"column":20},"end":{"line":400,"column":1}},"90":{"start":{"line":402,"column":19},"end":{"line":409,"column":1}},"91":{"start":{"line":411,"column":14},"end":{"line":416,"column":1}},"92":{"start":{"line":418,"column":11},"end":{"line":422,"column":1}},"93":{"start":{"line":424,"column":12},"end":{"line":427,"column":1}}},"fnMap":{"0":{"name":"(anonymous_0)","decl":{"start":{"line":16,"column":2},"end":{"line":16,"column":3}},"loc":{"start":{"line":16,"column":21},"end":{"line":31,"column":3}},"line":16},"1":{"name":"(anonymous_1)","decl":{"start":{"line":33,"column":2},"end":{"line":33,"column":3}},"loc":{"start":{"line":33,"column":22},"end":{"line":35,"column":3}},"line":33},"2":{"name":"(anonymous_2)","decl":{"start":{"line":37,"column":2},"end":{"line":37,"column":3}},"loc":{"start":{"line":37,"column":17},"end":{"line":42,"column":3}},"line":37},"3":{"name":"(anonymous_3)","decl":{"start":{"line":44,"column":2},"end":{"line":44,"column":3}},"loc":{"start":{"line":44,"column":17},"end":{"line":49,"column":3}},"line":44},"4":{"name":"(anonymous_4)","decl":{"start":{"line":51,"column":2},"end":{"line":51,"column":3}},"loc":{"start":{"line":51,"column":15},"end":{"line":65,"column":3}},"line":51},"5":{"name":"(anonymous_5)","decl":{"start":{"line":59,"column":23},"end":{"line":59,"column":24}},"loc":{"start":{"line":59,"column":33},"end":{"line":59,"column":73}},"line":59},"6":{"name":"(anonymous_6)","decl":{"start":{"line":67,"column":2},"end":{"line":67,"column":3}},"loc":{"start":{"line":67,"column":12},"end":{"line":123,"column":3}},"line":67},"7":{"name":"(anonymous_7)","decl":{"start":{"line":76,"column":14},"end":{"line":76,"column":15}},"loc":{"start":{"line":76,"column":26},"end":{"line":87,"column":9}},"line":76},"8":{"name":"(anonymous_8)","decl":{"start":{"line":88,"column":15},"end":{"line":88,"column":16}},"loc":{"start":{"line":88,"column":21},"end":{"line":89,"column":9}},"line":88},"9":{"name":"(anonymous_9)","decl":{"start":{"line":96,"column":14},"end":{"line":96,"column":15}},"loc":{"start":{"line":96,"column":27},"end":{"line":104,"column":9}},"line":96},"10":{"name":"(anonymous_10)","decl":{"start":{"line":98,"column":39},"end":{"line":98,"column":40}},"loc":{"start":{"line":98,"column":51},"end":{"line":100,"column":11}},"line":98},"11":{"name":"(anonymous_11)","decl":{"start":{"line":105,"column":15},"end":{"line":105,"column":16}},"loc":{"start":{"line":105,"column":21},"end":{"line":106,"column":9}},"line":105},"12":{"name":"(anonymous_12)","decl":{"start":{"line":115,"column":12},"end":{"line":115,"column":13}},"loc":{"start":{"line":115,"column":25},"end":{"line":120,"column":7}},"line":115},"13":{"name":"(anonymous_13)","decl":{"start":{"line":121,"column":13},"end":{"line":121,"column":14}},"loc":{"start":{"line":121,"column":19},"end":{"line":122,"column":7}},"line":121},"14":{"name":"(anonymous_14)","decl":{"start":{"line":125,"column":2},"end":{"line":125,"column":3}},"loc":{"start":{"line":125,"column":26},"end":{"line":133,"column":3}},"line":125},"15":{"name":"(anonymous_15)","decl":{"start":{"line":130,"column":36},"end":{"line":130,"column":37}},"loc":{"start":{"line":130,"column":46},"end":{"line":130,"column":79}},"line":130},"16":{"name":"(anonymous_16)","decl":{"start":{"line":135,"column":2},"end":{"line":135,"column":3}},"loc":{"start":{"line":135,"column":15},"end":{"line":137,"column":3}},"line":135},"17":{"name":"(anonymous_17)","decl":{"start":{"line":139,"column":2},"end":{"line":139,"column":3}},"loc":{"start":{"line":139,"column":11},"end":{"line":265,"column":3}},"line":139},"18":{"name":"(anonymous_18)","decl":{"start":{"line":151,"column":53},"end":{"line":151,"column":54}},"loc":{"start":{"line":151,"column":66},"end":{"line":151,"column":81}},"line":151},"19":{"name":"(anonymous_19)","decl":{"start":{"line":152,"column":61},"end":{"line":152,"column":62}},"loc":{"start":{"line":152,"column":74},"end":{"line":152,"column":89}},"line":152},"20":{"name":"(anonymous_20)","decl":{"start":{"line":170,"column":34},"end":{"line":170,"column":35}},"loc":{"start":{"line":170,"column":47},"end":{"line":194,"column":15}},"line":170},"21":{"name":"(anonymous_21)","decl":{"start":{"line":173,"column":52},"end":{"line":173,"column":53}},"loc":{"start":{"line":173,"column":61},"end":{"line":181,"column":17}},"line":173},"22":{"name":"(anonymous_22)","decl":{"start":{"line":182,"column":59},"end":{"line":182,"column":60}},"loc":{"start":{"line":182,"column":68},"end":{"line":186,"column":17}},"line":182},"23":{"name":"(anonymous_23)","decl":{"start":{"line":307,"column":20},"end":{"line":307,"column":21}},"loc":{"start":{"line":307,"column":31},"end":{"line":307,"column":42}},"line":307}},"branchMap":{"0":{"loc":{"start":{"line":52,"column":4},"end":{"line":64,"column":5}},"type":"if","locations":[{"start":{"line":52,"column":4},"end":{"line":64,"column":5}},{"start":{"line":54,"column":11},"end":{"line":64,"column":5}}],"line":52},"1":{"loc":{"start":{"line":56,"column":6},"end":{"line":58,"column":7}},"type":"if","locations":[{"start":{"line":56,"column":6},"end":{"line":58,"column":7}},{"start":{},"end":{}}],"line":56},"2":{"loc":{"start":{"line":59,"column":6},"end":{"line":61,"column":7}},"type":"if","locations":[{"start":{"line":59,"column":6},"end":{"line":61,"column":7}},{"start":{},"end":{}}],"line":59},"3":{"loc":{"start":{"line":68,"column":4},"end":{"line":107,"column":5}},"type":"if","locations":[{"start":{"line":68,"column":4},"end":{"line":107,"column":5}},{"start":{},"end":{}}],"line":68},"4":{"loc":{"start":{"line":77,"column":10},"end":{"line":86,"column":11}},"type":"if","locations":[{"start":{"line":77,"column":10},"end":{"line":86,"column":11}},{"start":{},"end":{}}],"line":77},"5":{"loc":{"start":{"line":127,"column":4},"end":{"line":129,"column":5}},"type":"if","locations":[{"start":{"line":127,"column":4},"end":{"line":129,"column":5}},{"start":{},"end":{}}],"line":127},"6":{"loc":{"start":{"line":149,"column":4},"end":{"line":154,"column":5}},"type":"if","locations":[{"start":{"line":149,"column":4},"end":{"line":154,"column":5}},{"start":{},"end":{}}],"line":149},"7":{"loc":{"start":{"line":149,"column":8},"end":{"line":150,"column":57}},"type":"binary-expr","locations":[{"start":{"line":149,"column":8},"end":{"line":149,"column":49}},{"start":{"line":150,"column":9},"end":{"line":150,"column":57}}],"line":149},"8":{"loc":{"start":{"line":158,"column":4},"end":{"line":201,"column":5}},"type":"if","locations":[{"start":{"line":158,"column":4},"end":{"line":201,"column":5}},{"start":{"line":199,"column":11},"end":{"line":201,"column":5}}],"line":158},"9":{"loc":{"start":{"line":174,"column":18},"end":{"line":180,"column":19}},"type":"if","locations":[{"start":{"line":174,"column":18},"end":{"line":180,"column":19}},{"start":{},"end":{}}],"line":174},"10":{"loc":{"start":{"line":175,"column":20},"end":{"line":179,"column":21}},"type":"if","locations":[{"start":{"line":175,"column":20},"end":{"line":179,"column":21}},{"start":{"line":177,"column":27},"end":{"line":179,"column":21}}],"line":175},"11":{"loc":{"start":{"line":183,"column":18},"end":{"line":185,"column":19}},"type":"if","locations":[{"start":{"line":183,"column":18},"end":{"line":185,"column":19}},{"start":{},"end":{}}],"line":183},"12":{"loc":{"start":{"line":203,"column":4},"end":{"line":254,"column":5}},"type":"if","locations":[{"start":{"line":203,"column":4},"end":{"line":254,"column":5}},{"start":{"line":206,"column":11},"end":{"line":254,"column":5}}],"line":203},"13":{"loc":{"start":{"line":208,"column":6},"end":{"line":220,"column":7}},"type":"if","locations":[{"start":{"line":208,"column":6},"end":{"line":220,"column":7}},{"start":{"line":214,"column":13},"end":{"line":220,"column":7}}],"line":208}},"s":{"0":8,"1":8,"2":8,"3":8,"4":8,"5":8,"6":8,"7":8,"8":8,"9":0,"10":0,"11":0,"12":0,"13":0,"14":0,"15":0,"16":0,"17":0,"18":0,"19":0,"20":0,"21":0,"22":0,"23":8,"24":6,"25":0,"26":0,"27":0,"28":0,"29":6,"30":0,"31":0,"32":0,"33":0,"34":0,"35":0,"36":8,"37":0,"38":0,"39":0,"40":0,"41":0,"42":0,"43":0,"44":0,"45":0,"46":8,"47":0,"48":0,"49":0,"50":0,"51":0,"52":8,"53":8,"54":0,"55":0,"56":0,"57":0,"58":0,"59":0,"60":0,"61":0,"62":0,"63":0,"64":0,"65":0,"66":8,"67":8,"68":2,"69":2,"70":6,"71":0,"72":6,"73":6,"74":6,"75":8,"76":1,"77":1,"78":1,"79":1,"80":1,"81":6,"82":1,"83":1,"84":1,"85":1,"86":1,"87":1,"88":1,"89":1,"90":1,"91":1,"92":1,"93":1},"f":{"0":8,"1":8,"2":0,"3":0,"4":0,"5":0,"6":8,"7":0,"8":0,"9":0,"10":0,"11":0,"12":0,"13":0,"14":0,"15":0,"16":0,"17":8,"18":0,"19":0,"20":0,"21":0,"22":0,"23":6},"b":{"0":[0,0],"1":[0,0],"2":[0,0],"3":[6,2],"4":[0,0],"5":[0,0],"6":[0,8],"7":[8,0],"8":[0,8],"9":[0,0],"10":[0,0],"11":[0,0],"12":[2,6],"13":[0,6]},"_coverageSchema":"1a1c01bbd47fc00a2c39e90264f33305004495a9","hash":"8797d720a137e6505e0fe86aa5cdb6c5583bcd6f"}
,"/home/tofu/Documents/hackreactor/ProjectCatwalk/client/src/components/RelatedItems/MultiDisplayCarousel.jsx": {"path":"/home/tofu/Documents/hackreactor/ProjectCatwalk/client/src/components/RelatedItems/MultiDisplayCarousel.jsx","statementMap":{"0":{"start":{"line":9,"column":4},"end":{"line":9,"column":17}},"1":{"start":{"line":10,"column":4},"end":{"line":14,"column":6}},"2":{"start":{"line":18,"column":22},"end":{"line":18,"column":30}},"3":{"start":{"line":19,"column":4},"end":{"line":21,"column":5}},"4":{"start":{"line":20,"column":6},"end":{"line":20,"column":22}},"5":{"start":{"line":22,"column":4},"end":{"line":25,"column":7}},"6":{"start":{"line":27,"column":4},"end":{"line":32,"column":12}},"7":{"start":{"line":28,"column":6},"end":{"line":31,"column":9}},"8":{"start":{"line":36,"column":21},"end":{"line":36,"column":120}},"9":{"start":{"line":36,"column":58},"end":{"line":36,"column":103}},"10":{"start":{"line":38,"column":21},"end":{"line":38,"column":121}},"11":{"start":{"line":38,"column":58},"end":{"line":38,"column":104}},"12":{"start":{"line":40,"column":4},"end":{"line":42,"column":5}},"13":{"start":{"line":41,"column":6},"end":{"line":41,"column":26}},"14":{"start":{"line":43,"column":4},"end":{"line":45,"column":5}},"15":{"start":{"line":44,"column":6},"end":{"line":44,"column":26}},"16":{"start":{"line":48,"column":4},"end":{"line":52,"column":5}},"17":{"start":{"line":49,"column":6},"end":{"line":49,"column":147}},"18":{"start":{"line":51,"column":6},"end":{"line":51,"column":23}},"19":{"start":{"line":54,"column":4},"end":{"line":69,"column":6}},"20":{"start":{"line":63,"column":25},"end":{"line":63,"column":144}},"21":{"start":{"line":73,"column":30},"end":{"line":79,"column":1}},"22":{"start":{"line":81,"column":26},"end":{"line":99,"column":1}},"23":{"start":{"line":90,"column":4},"end":{"line":92,"column":5}},"24":{"start":{"line":91,"column":6},"end":{"line":91,"column":58}},"25":{"start":{"line":93,"column":4},"end":{"line":95,"column":5}},"26":{"start":{"line":94,"column":6},"end":{"line":94,"column":58}},"27":{"start":{"line":96,"column":4},"end":{"line":96,"column":52}},"28":{"start":{"line":101,"column":19},"end":{"line":105,"column":1}},"29":{"start":{"line":107,"column":20},"end":{"line":111,"column":1}}},"fnMap":{"0":{"name":"(anonymous_0)","decl":{"start":{"line":8,"column":2},"end":{"line":8,"column":3}},"loc":{"start":{"line":8,"column":21},"end":{"line":15,"column":3}},"line":8},"1":{"name":"(anonymous_1)","decl":{"start":{"line":17,"column":2},"end":{"line":17,"column":3}},"loc":{"start":{"line":17,"column":31},"end":{"line":33,"column":3}},"line":17},"2":{"name":"(anonymous_2)","decl":{"start":{"line":27,"column":15},"end":{"line":27,"column":16}},"loc":{"start":{"line":27,"column":21},"end":{"line":32,"column":5}},"line":27},"3":{"name":"(anonymous_3)","decl":{"start":{"line":35,"column":2},"end":{"line":35,"column":3}},"loc":{"start":{"line":35,"column":11},"end":{"line":70,"column":3}},"line":35},"4":{"name":"(anonymous_4)","decl":{"start":{"line":36,"column":52},"end":{"line":36,"column":53}},"loc":{"start":{"line":36,"column":58},"end":{"line":36,"column":103}},"line":36},"5":{"name":"(anonymous_5)","decl":{"start":{"line":38,"column":52},"end":{"line":38,"column":53}},"loc":{"start":{"line":38,"column":58},"end":{"line":38,"column":104}},"line":38},"6":{"name":"(anonymous_6)","decl":{"start":{"line":63,"column":12},"end":{"line":63,"column":13}},"loc":{"start":{"line":63,"column":25},"end":{"line":63,"column":144}},"line":63},"7":{"name":"(anonymous_7)","decl":{"start":{"line":89,"column":15},"end":{"line":89,"column":16}},"loc":{"start":{"line":89,"column":26},"end":{"line":97,"column":3}},"line":89}},"branchMap":{"0":{"loc":{"start":{"line":19,"column":4},"end":{"line":21,"column":5}},"type":"if","locations":[{"start":{"line":19,"column":4},"end":{"line":21,"column":5}},{"start":{},"end":{}}],"line":19},"1":{"loc":{"start":{"line":40,"column":4},"end":{"line":42,"column":5}},"type":"if","locations":[{"start":{"line":40,"column":4},"end":{"line":42,"column":5}},{"start":{},"end":{}}],"line":40},"2":{"loc":{"start":{"line":40,"column":8},"end":{"line":40,"column":69}},"type":"binary-expr","locations":[{"start":{"line":40,"column":8},"end":{"line":40,"column":33}},{"start":{"line":40,"column":37},"end":{"line":40,"column":69}}],"line":40},"3":{"loc":{"start":{"line":43,"column":4},"end":{"line":45,"column":5}},"type":"if","locations":[{"start":{"line":43,"column":4},"end":{"line":45,"column":5}},{"start":{},"end":{}}],"line":43},"4":{"loc":{"start":{"line":43,"column":8},"end":{"line":43,"column":118}},"type":"binary-expr","locations":[{"start":{"line":43,"column":8},"end":{"line":43,"column":82}},{"start":{"line":43,"column":86},"end":{"line":43,"column":118}}],"line":43},"5":{"loc":{"start":{"line":48,"column":4},"end":{"line":52,"column":5}},"type":"if","locations":[{"start":{"line":48,"column":4},"end":{"line":52,"column":5}},{"start":{"line":50,"column":11},"end":{"line":52,"column":5}}],"line":48},"6":{"loc":{"start":{"line":90,"column":4},"end":{"line":92,"column":5}},"type":"if","locations":[{"start":{"line":90,"column":4},"end":{"line":92,"column":5}},{"start":{},"end":{}}],"line":90},"7":{"loc":{"start":{"line":93,"column":4},"end":{"line":95,"column":5}},"type":"if","locations":[{"start":{"line":93,"column":4},"end":{"line":95,"column":5}},{"start":{},"end":{}}],"line":93}},"s":{"0":5,"1":5,"2":0,"3":0,"4":0,"5":0,"6":0,"7":0,"8":5,"9":0,"10":5,"11":0,"12":5,"13":5,"14":5,"15":3,"16":5,"17":2,"18":3,"19":5,"20":4,"21":1,"22":1,"23":5,"24":5,"25":0,"26":0,"27":0,"28":1,"29":1},"f":{"0":5,"1":0,"2":0,"3":5,"4":0,"5":0,"6":4,"7":5},"b":{"0":[0,0],"1":[5,0],"2":[5,0],"3":[3,2],"4":[5,4],"5":[2,3],"6":[5,0],"7":[0,0]},"_coverageSchema":"1a1c01bbd47fc00a2c39e90264f33305004495a9","hash":"983fc1af84ecd83778bcc5d95b616559f33dc23c"}
,"/home/tofu/Documents/hackreactor/ProjectCatwalk/client/src/components/RelatedItems/OutfitItems.jsx": {"path":"/home/tofu/Documents/hackreactor/ProjectCatwalk/client/src/components/RelatedItems/OutfitItems.jsx","statementMap":{"0":{"start":{"line":8,"column":4},"end":{"line":8,"column":17}},"1":{"start":{"line":9,"column":4},"end":{"line":9,"column":20}},"2":{"start":{"line":13,"column":4},"end":{"line":18,"column":6}},"3":{"start":{"line":22,"column":14},"end":{"line":24,"column":1}}},"fnMap":{"0":{"name":"(anonymous_0)","decl":{"start":{"line":7,"column":2},"end":{"line":7,"column":3}},"loc":{"start":{"line":7,"column":21},"end":{"line":10,"column":3}},"line":7},"1":{"name":"(anonymous_1)","decl":{"start":{"line":12,"column":2},"end":{"line":12,"column":3}},"loc":{"start":{"line":12,"column":11},"end":{"line":19,"column":3}},"line":12}},"branchMap":{},"s":{"0":2,"1":2,"2":2,"3":1},"f":{"0":2,"1":2},"b":{},"_coverageSchema":"1a1c01bbd47fc00a2c39e90264f33305004495a9","hash":"b9359829e2075fda21e72191dc40af2b475da0d1"}
,"/home/tofu/Documents/hackreactor/ProjectCatwalk/client/src/components/RelatedItems/RelatedItems.jsx": {"path":"/home/tofu/Documents/hackreactor/ProjectCatwalk/client/src/components/RelatedItems/RelatedItems.jsx","statementMap":{"0":{"start":{"line":8,"column":18},"end":{"line":11,"column":3}},"1":{"start":{"line":15,"column":4},"end":{"line":15,"column":17}},"2":{"start":{"line":16,"column":4},"end":{"line":18,"column":6}},"3":{"start":{"line":19,"column":4},"end":{"line":19,"column":45}},"4":{"start":{"line":23,"column":4},"end":{"line":23,"column":20}},"5":{"start":{"line":27,"column":19},"end":{"line":27,"column":21}},"6":{"start":{"line":28,"column":22},"end":{"line":28,"column":66}},"7":{"start":{"line":29,"column":4},"end":{"line":29,"column":62}},"8":{"start":{"line":30,"column":4},"end":{"line":34,"column":5}},"9":{"start":{"line":31,"column":6},"end":{"line":33,"column":9}},"10":{"start":{"line":38,"column":19},"end":{"line":38,"column":29}},"11":{"start":{"line":39,"column":4},"end":{"line":44,"column":6}}},"fnMap":{"0":{"name":"(anonymous_0)","decl":{"start":{"line":14,"column":2},"end":{"line":14,"column":3}},"loc":{"start":{"line":14,"column":21},"end":{"line":20,"column":3}},"line":14},"1":{"name":"(anonymous_1)","decl":{"start":{"line":22,"column":2},"end":{"line":22,"column":3}},"loc":{"start":{"line":22,"column":22},"end":{"line":24,"column":3}},"line":22},"2":{"name":"(anonymous_2)","decl":{"start":{"line":26,"column":2},"end":{"line":26,"column":3}},"loc":{"start":{"line":26,"column":13},"end":{"line":35,"column":3}},"line":26},"3":{"name":"(anonymous_3)","decl":{"start":{"line":37,"column":2},"end":{"line":37,"column":3}},"loc":{"start":{"line":37,"column":11},"end":{"line":45,"column":3}},"line":37}},"branchMap":{"0":{"loc":{"start":{"line":30,"column":4},"end":{"line":34,"column":5}},"type":"if","locations":[{"start":{"line":30,"column":4},"end":{"line":34,"column":5}},{"start":{},"end":{}}],"line":30}},"s":{"0":1,"1":1,"2":1,"3":1,"4":1,"5":1,"6":1,"7":1,"8":1,"9":0,"10":1,"11":1},"f":{"0":1,"1":1,"2":1,"3":1},"b":{"0":[0,1]},"_coverageSchema":"1a1c01bbd47fc00a2c39e90264f33305004495a9","hash":"dd6b810a7552136442a75d744f493771a95f5d5b"}
,"/home/tofu/Documents/hackreactor/ProjectCatwalk/client/src/components/RelatedItems/SimilarItems.jsx": {"path":"/home/tofu/Documents/hackreactor/ProjectCatwalk/client/src/components/RelatedItems/SimilarItems.jsx","statementMap":{"0":{"start":{"line":9,"column":4},"end":{"line":9,"column":17}},"1":{"start":{"line":10,"column":4},"end":{"line":12,"column":6}},"2":{"start":{"line":16,"column":4},"end":{"line":39,"column":9}},"3":{"start":{"line":24,"column":8},"end":{"line":38,"column":13}},"4":{"start":{"line":25,"column":10},"end":{"line":31,"column":12}},"5":{"start":{"line":34,"column":25},"end":{"line":34,"column":64}},"6":{"start":{"line":34,"column":51},"end":{"line":34,"column":63}},"7":{"start":{"line":35,"column":12},"end":{"line":37,"column":15}},"8":{"start":{"line":43,"column":4},"end":{"line":48,"column":6}},"9":{"start":{"line":52,"column":14},"end":{"line":54,"column":1}}},"fnMap":{"0":{"name":"(anonymous_0)","decl":{"start":{"line":8,"column":2},"end":{"line":8,"column":3}},"loc":{"start":{"line":8,"column":21},"end":{"line":13,"column":3}},"line":8},"1":{"name":"(anonymous_1)","decl":{"start":{"line":15,"column":2},"end":{"line":15,"column":3}},"loc":{"start":{"line":15,"column":22},"end":{"line":40,"column":3}},"line":15},"2":{"name":"(anonymous_2)","decl":{"start":{"line":23,"column":12},"end":{"line":23,"column":13}},"loc":{"start":{"line":23,"column":25},"end":{"line":39,"column":7}},"line":23},"3":{"name":"(anonymous_3)","decl":{"start":{"line":24,"column":37},"end":{"line":24,"column":38}},"loc":{"start":{"line":25,"column":10},"end":{"line":31,"column":12}},"line":25},"4":{"name":"(anonymous_4)","decl":{"start":{"line":33,"column":16},"end":{"line":33,"column":17}},"loc":{"start":{"line":33,"column":30},"end":{"line":38,"column":11}},"line":33},"5":{"name":"(anonymous_5)","decl":{"start":{"line":34,"column":38},"end":{"line":34,"column":39}},"loc":{"start":{"line":34,"column":51},"end":{"line":34,"column":63}},"line":34},"6":{"name":"(anonymous_6)","decl":{"start":{"line":42,"column":2},"end":{"line":42,"column":3}},"loc":{"start":{"line":42,"column":11},"end":{"line":49,"column":3}},"line":42}},"branchMap":{},"s":{"0":2,"1":2,"2":2,"3":0,"4":0,"5":0,"6":0,"7":0,"8":2,"9":1},"f":{"0":2,"1":2,"2":0,"3":0,"4":0,"5":0,"6":2},"b":{},"_coverageSchema":"1a1c01bbd47fc00a2c39e90264f33305004495a9","hash":"9e2cdc82bff1ec12f4d7fd842ae979562a37a8a3"}
}
