TN:
SF:client/src/components/Overview/components/StyleSelector.jsx
FN:30,(anonymous_0)
FN:43,(anonymous_1)
FN:51,(anonymous_2)
FN:59,(anonymous_3)
FN:63,(anonymous_4)
FN:68,(anonymous_5)
FN:77,(anonymous_6)
FN:83,(anonymous_7)
FN:85,(anonymous_8)
FNF:9
FNH:2
FNDA:1,(anonymous_0)
FNDA:0,(anonymous_1)
FNDA:0,(anonymous_2)
FNDA:0,(anonymous_3)
FNDA:0,(anonymous_4)
FNDA:1,(anonymous_5)
FNDA:0,(anonymous_6)
FNDA:0,(anonymous_7)
FNDA:0,(anonymous_8)
DA:4,1
DA:10,1
DA:20,1
DA:25,1
DA:31,1
DA:33,1
DA:38,1
DA:39,1
DA:40,1
DA:44,0
DA:45,0
DA:46,0
DA:47,0
DA:52,0
DA:53,0
DA:54,0
DA:55,0
DA:60,0
DA:64,0
DA:65,0
DA:72,1
DA:73,1
DA:78,0
DA:83,0
DA:85,0
LF:25
LH:11
BRDA:44,0,0,0
BRDA:44,0,1,0
BRDA:54,1,0,0
BRDA:54,1,1,0
BRDA:75,2,0,1
BRDA:75,2,1,0
BRDA:75,3,0,1
BRDA:75,3,1,1
BRDA:78,4,0,0
BRDA:78,4,1,0
BRF:10
BRH:3
end_of_record
TN:
SF:client/src/components/QandA/SearchQuestions.jsx
FN:11,(anonymous_0)
FN:21,(anonymous_1)
FN:28,(anonymous_2)
FN:35,(anonymous_3)
FNF:4
FNH:2
FNDA:1,(anonymous_0)
FNDA:0,(anonymous_1)
FNDA:0,(anonymous_2)
FNDA:1,(anonymous_3)
DA:4,1
DA:12,1
DA:14,1
DA:18,1
DA:22,0
DA:23,0
DA:24,0
DA:25,0
DA:29,0
DA:30,0
DA:36,1
DA:37,1
LF:12
LH:6
BRF:0
BRH:0
end_of_record
TN:
SF:client/src/components/RatingsAndReviews/HelpfulCount.jsx
FN:18,(anonymous_0)
FN:27,(anonymous_1)
FN:32,(anonymous_2)
FNF:3
FNH:2
FNDA:4,(anonymous_0)
FNDA:0,(anonymous_1)
FNDA:4,(anonymous_2)
DA:4,1
DA:10,1
DA:19,4
DA:20,4
DA:24,4
DA:28,0
DA:29,0
DA:33,4
LF:8
LH:6
BRF:0
BRH:0
end_of_record
TN:
SF:client/src/components/RatingsAndReviews/Modal.jsx
FN:105,(anonymous_0)
FN:113,(anonymous_1)
FN:117,(anonymous_2)
FN:125,(anonymous_3)
FNF:4
FNH:3
FNDA:1,(anonymous_0)
FNDA:1,(anonymous_1)
FNDA:0,(anonymous_2)
FNDA:1,(anonymous_3)
DA:6,1
DA:20,1
DA:24,1
DA:39,1
DA:47,1
DA:54,1
DA:61,1
DA:68,1
DA:79,1
DA:89,1
DA:95,1
DA:106,1
DA:107,1
DA:110,1
DA:118,0
DA:119,0
DA:122,0
DA:126,1
LF:18
LH:15
BRDA:144,0,0,0
BRDA:144,0,1,1
BRDA:168,1,0,0
BRDA:168,1,1,1
BRDA:192,2,0,0
BRDA:192,2,1,1
BRDA:216,3,0,0
BRDA:216,3,1,1
BRDA:240,4,0,0
BRDA:240,4,1,1
BRDA:264,5,0,0
BRDA:264,5,1,1
BRF:12
BRH:6
end_of_record
TN:
SF:client/src/components/RatingsAndReviews/ProductBreakdown.jsx
FN:77,(anonymous_0)
FN:84,(anonymous_1)
FNF:2
FNH:2
FNDA:2,(anonymous_0)
FNDA:2,(anonymous_1)
DA:4,1
DA:20,1
DA:25,1
DA:30,1
DA:38,1
DA:44,1
DA:51,1
DA:57,1
DA:78,2
DA:79,2
DA:85,2
LF:11
LH:11
BRF:0
BRH:0
end_of_record
TN:
SF:client/src/components/RatingsAndReviews/RatingBreakdown.jsx
FN:51,(anonymous_0)
FN:58,(anonymous_1)
FN:62,(anonymous_2)
FN:69,(anonymous_3)
FN:79,(anonymous_4)
FN:87,(anonymous_5)
FNF:6
FNH:6
FNDA:10,(anonymous_0)
FNDA:10,(anonymous_1)
FNDA:2,(anonymous_2)
FNDA:2,(anonymous_3)
FNDA:2,(anonymous_4)
FNDA:2,(anonymous_5)
DA:5,1
DA:16,1
DA:22,1
DA:28,1
DA:34,1
DA:51,10
DA:58,10
DA:63,2
DA:64,2
DA:70,2
DA:78,2
DA:79,1
DA:80,2
DA:81,2
DA:84,2
DA:88,2
DA:89,2
DA:90,2
LF:18
LH:18
BRDA:51,0,0,0
BRDA:51,0,1,10
BRDA:78,1,0,1
BRDA:78,1,1,1
BRF:4
BRH:3
end_of_record
TN:
SF:client/src/components/RatingsAndReviews/RatingsAndReviews.jsx
FN:61,(anonymous_0)
FN:70,(anonymous_1)
FN:77,(anonymous_2)
FN:85,(anonymous_3)
FN:91,(anonymous_4)
FN:122,(anonymous_5)
FNF:6
FNH:3
FNDA:1,(anonymous_0)
FNDA:1,(anonymous_1)
FNDA:0,(anonymous_2)
FNDA:0,(anonymous_3)
FNDA:1,(anonymous_4)
FNDA:0,(anonymous_5)
DA:9,1
DA:13,1
DA:21,1
DA:29,1
DA:36,1
DA:41,1
DA:48,1
DA:52,1
DA:62,1
DA:63,1
DA:71,1
DA:72,1
DA:78,0
DA:80,1
DA:86,0
DA:87,0
DA:92,1
DA:122,0
LF:18
LH:14
BRDA:110,0,0,0
BRDA:110,0,1,1
BRF:2
BRH:1
end_of_record
TN:
SF:client/src/components/RatingsAndReviews/ReviewItem.jsx
FN:42,(anonymous_0)
FN:49,(anonymous_1)
FN:61,(anonymous_2)
FN:69,(anonymous_3)
FNF:4
FNH:3
FNDA:3,(anonymous_0)
FNDA:3,(anonymous_1)
FNDA:0,(anonymous_2)
FNDA:4,(anonymous_3)
DA:6,1
DA:12,1
DA:16,1
DA:22,1
DA:30,1
DA:43,3
DA:44,3
DA:50,3
DA:61,0
DA:70,4
LF:10
LH:9
BRDA:57,0,0,0
BRDA:57,0,1,3
BRDA:60,1,0,0
BRDA:60,1,1,0
BRDA:62,2,0,0
BRDA:62,2,1,0
BRDA:76,3,0,2
BRDA:76,3,1,1
BRDA:78,4,0,1
BRDA:78,4,1,2
BRF:10
BRH:5
end_of_record
TN:
SF:client/src/components/RatingsAndReviews/ReviewStars.jsx
FN:10,(anonymous_0)
FN:20,(anonymous_1)
FN:25,(anonymous_2)
FN:31,(anonymous_3)
FN:38,(anonymous_4)
FNF:5
FNH:5
FNDA:35,(anonymous_0)
FNDA:35,(anonymous_1)
FNDA:35,(anonymous_2)
FNDA:7,(anonymous_3)
FNDA:8,(anonymous_4)
DA:4,1
DA:8,1
DA:10,35
DA:20,35
DA:25,35
DA:32,7
DA:33,7
DA:39,8
DA:41,8
DA:42,8
DA:43,40
DA:44,13
DA:45,13
DA:46,27
DA:47,3
DA:48,0
DA:49,3
DA:50,1
DA:51,2
DA:52,1
DA:53,1
DA:54,1
DA:57,3
DA:58,24
DA:59,19
DA:62,8
LF:26
LH:25
BRDA:10,0,0,0
BRDA:10,0,1,35
BRDA:20,1,0,19
BRDA:20,1,1,16
BRDA:25,2,0,1
BRDA:25,2,1,34
BRDA:25,3,0,1
BRDA:25,3,1,33
BRDA:25,4,0,1
BRDA:25,4,1,32
BRDA:43,5,0,13
BRDA:43,5,1,27
BRDA:46,6,0,3
BRDA:46,6,1,24
BRDA:46,7,0,27
BRDA:46,7,1,22
BRDA:47,8,0,0
BRDA:47,8,1,3
BRDA:49,9,0,1
BRDA:49,9,1,2
BRDA:49,10,0,3
BRDA:49,10,1,2
BRDA:51,11,0,1
BRDA:51,11,1,1
BRDA:51,12,0,2
BRDA:51,12,1,1
BRDA:53,13,0,1
BRDA:53,13,1,0
BRDA:53,14,0,1
BRDA:53,14,1,0
BRDA:58,15,0,19
BRDA:58,15,1,5
BRF:32
BRH:28
end_of_record
TN:
SF:client/src/components/RatingsAndReviews/ReviewsList.jsx
FN:17,(anonymous_0)
FN:31,(anonymous_1)
FN:35,(anonymous_2)
FNF:3
FNH:3
FNDA:2,(anonymous_0)
FNDA:2,(anonymous_1)
FNDA:2,(anonymous_2)
DA:6,1
DA:8,1
DA:18,2
DA:19,2
DA:32,2
DA:36,2
LF:6
LH:6
BRF:0
BRH:0
end_of_record
TN:
SF:client/src/components/RatingsAndReviews/WriteNewReview.jsx
FN:7,(anonymous_0)
FN:15,(anonymous_1)
FN:19,(anonymous_2)
FN:23,(anonymous_3)
FN:28,(anonymous_4)
FNF:5
FNH:3
FNDA:2,(anonymous_0)
FNDA:2,(anonymous_1)
FNDA:0,(anonymous_2)
FNDA:2,(anonymous_3)
FNDA:0,(anonymous_4)
DA:8,2
DA:9,2
DA:12,2
DA:20,0
DA:24,2
DA:28,0
LF:6
LH:4
BRDA:26,0,0,0
BRDA:26,0,1,2
BRF:2
BRH:1
end_of_record
TN:
SF:client/src/components/RatingsAndReviews/dummy_data.js
FNF:0
FNH:0
DA:1,1
LF:1
LH:1
BRF:0
BRH:0
end_of_record
TN:
SF:client/src/components/RelatedItems/CarouselItem.jsx
FN:14,(anonymous_0)
FN:29,(anonymous_1)
FN:38,(anonymous_2)
FN:58,(anonymous_3)
FN:88,(anonymous_4)
FN:95,(anonymous_5)
FN:102,(anonymous_6)
FN:110,(anonymous_7)
FN:118,(anonymous_8)
FN:123,(anonymous_9)
FN:128,(anonymous_10)
FN:132,(anonymous_11)
FN:144,(anonymous_12)
FN:145,(anonymous_13)
FN:163,(anonymous_14)
FN:166,(anonymous_15)
FN:175,(anonymous_16)
FN:310,(anonymous_17)
FNF:18
FNH:2
FNDA:1,(anonymous_0)
FNDA:0,(anonymous_1)
FNDA:0,(anonymous_2)
FNDA:0,(anonymous_3)
FNDA:0,(anonymous_4)
FNDA:0,(anonymous_5)
FNDA:0,(anonymous_6)
FNDA:0,(anonymous_7)
FNDA:0,(anonymous_8)
FNDA:0,(anonymous_9)
FNDA:0,(anonymous_10)
FNDA:1,(anonymous_11)
FNDA:0,(anonymous_12)
FNDA:0,(anonymous_13)
FNDA:0,(anonymous_14)
FNDA:0,(anonymous_15)
FNDA:0,(anonymous_16)
FNDA:0,(anonymous_17)
DA:15,1
DA:16,1
DA:22,1
DA:23,1
DA:24,1
DA:25,1
DA:26,1
DA:30,0
DA:31,0
DA:39,0
DA:40,0
DA:41,0
DA:43,0
DA:51,0
DA:59,0
DA:89,0
DA:90,0
DA:96,0
DA:97,0
DA:103,0
DA:104,0
DA:106,0
DA:107,0
DA:108,0
DA:110,0
DA:111,0
DA:113,0
DA:114,0
DA:119,0
DA:120,0
DA:121,0
DA:123,0
DA:124,0
DA:125,0
DA:129,0
DA:142,1
DA:144,0
DA:145,0
DA:146,0
DA:149,1
DA:151,1
DA:152,0
DA:164,0
DA:165,0
DA:166,0
DA:167,0
DA:168,0
DA:169,0
DA:171,0
DA:175,0
DA:176,0
DA:177,0
DA:180,0
DA:193,1
DA:196,1
DA:197,0
DA:198,0
DA:201,1
DA:202,0
DA:208,1
DA:216,1
DA:217,1
DA:224,0
DA:232,1
DA:259,1
DA:271,1
DA:279,1
DA:284,1
DA:300,1
DA:309,1
DA:310,0
DA:326,1
DA:344,1
DA:352,1
DA:357,1
DA:362,1
DA:367,1
DA:381,1
DA:390,1
DA:405,1
DA:414,1
DA:421,1
DA:427,1
LF:83
LH:35
BRDA:30,0,0,0
BRDA:30,0,1,0
BRDA:39,1,0,0
BRDA:39,1,1,0
BRDA:103,2,0,0
BRDA:103,2,1,0
BRDA:107,3,0,0
BRDA:107,3,1,0
BRDA:110,4,0,0
BRDA:110,4,1,0
BRDA:120,5,0,0
BRDA:120,5,1,0
BRDA:142,6,0,0
BRDA:142,6,1,1
BRDA:142,7,0,1
BRDA:142,7,1,0
BRDA:151,8,0,0
BRDA:151,8,1,1
BRDA:167,9,0,0
BRDA:167,9,1,0
BRDA:168,10,0,0
BRDA:168,10,1,0
BRDA:176,11,0,0
BRDA:176,11,1,0
BRDA:196,12,0,0
BRDA:196,12,1,1
BRDA:201,13,0,0
BRDA:201,13,1,1
BRDA:216,14,0,1
BRDA:216,14,1,0
BRF:30
BRH:6
end_of_record
