TN:
SF:client/src/components/Overview/components/StyleSelector.jsx
FN:30,(anonymous_0)
FN:43,(anonymous_1)
FN:51,(anonymous_2)
FN:59,(anonymous_3)
FN:63,(anonymous_4)
FN:68,(anonymous_5)
FN:77,(anonymous_6)
FN:83,(anonymous_7)
FN:85,(anonymous_8)
FNF:9
FNH:2
FNDA:1,(anonymous_0)
FNDA:0,(anonymous_1)
FNDA:0,(anonymous_2)
FNDA:0,(anonymous_3)
FNDA:0,(anonymous_4)
FNDA:1,(anonymous_5)
FNDA:0,(anonymous_6)
FNDA:0,(anonymous_7)
FNDA:0,(anonymous_8)
DA:4,1
DA:10,1
DA:20,1
DA:25,1
DA:31,1
DA:33,1
DA:38,1
DA:39,1
DA:40,1
DA:44,0
DA:45,0
DA:46,0
DA:47,0
DA:52,0
DA:53,0
DA:54,0
DA:55,0
DA:60,0
DA:64,0
DA:65,0
DA:72,1
DA:73,1
DA:78,0
DA:83,0
DA:85,0
LF:25
LH:11
BRDA:44,0,0,0
BRDA:44,0,1,0
BRDA:54,1,0,0
BRDA:54,1,1,0
BRDA:75,2,0,1
BRDA:75,2,1,0
BRDA:75,3,0,1
BRDA:75,3,1,1
BRDA:78,4,0,0
BRDA:78,4,1,0
BRF:10
BRH:3
end_of_record
TN:
SF:client/src/components/QandA/SearchQuestions.jsx
FN:11,(anonymous_0)
FN:21,(anonymous_1)
FN:28,(anonymous_2)
FN:35,(anonymous_3)
FNF:4
FNH:2
FNDA:1,(anonymous_0)
FNDA:0,(anonymous_1)
FNDA:0,(anonymous_2)
FNDA:1,(anonymous_3)
DA:4,1
DA:12,1
DA:14,1
DA:18,1
DA:22,0
DA:23,0
DA:24,0
DA:25,0
DA:29,0
DA:30,0
DA:36,1
DA:37,1
LF:12
LH:6
BRF:0
BRH:0
end_of_record
TN:
SF:client/src/components/RatingsAndReviews/HelpfulCount.jsx
FN:18,(anonymous_0)
FN:27,(anonymous_1)
FN:32,(anonymous_2)
FNF:3
FNH:2
FNDA:1,(anonymous_0)
FNDA:0,(anonymous_1)
FNDA:1,(anonymous_2)
DA:4,1
DA:10,1
DA:19,1
DA:20,1
DA:24,1
DA:28,0
DA:29,0
DA:33,1
LF:8
LH:6
BRF:0
BRH:0
end_of_record
TN:
SF:client/src/components/RatingsAndReviews/ReviewStars.jsx
FN:10,(anonymous_0)
FN:20,(anonymous_1)
FN:25,(anonymous_2)
FN:31,(anonymous_3)
FN:38,(anonymous_4)
FNF:5
FNH:5
FNDA:25,(anonymous_0)
FNDA:25,(anonymous_1)
FNDA:25,(anonymous_2)
FNDA:5,(anonymous_3)
FNDA:5,(anonymous_4)
DA:4,1
DA:8,1
DA:10,25
DA:20,25
DA:25,25
DA:32,5
DA:33,5
DA:39,5
DA:41,5
DA:42,5
DA:43,25
DA:44,0
DA:45,0
DA:46,25
DA:47,0
DA:48,0
DA:49,0
DA:50,0
DA:51,0
DA:52,0
DA:53,0
DA:54,0
DA:57,0
DA:58,25
DA:59,25
DA:62,5
LF:26
LH:15
BRDA:10,0,0,25
BRDA:10,0,1,0
BRDA:20,1,0,25
BRDA:20,1,1,0
BRDA:25,2,0,0
BRDA:25,2,1,25
BRDA:25,3,0,0
BRDA:25,3,1,25
BRDA:25,4,0,0
BRDA:25,4,1,25
BRDA:43,5,0,0
BRDA:43,5,1,25
BRDA:46,6,0,0
BRDA:46,6,1,25
BRDA:46,7,0,25
BRDA:46,7,1,25
BRDA:47,8,0,0
BRDA:47,8,1,0
BRDA:49,9,0,0
BRDA:49,9,1,0
BRDA:49,10,0,0
BRDA:49,10,1,0
BRDA:51,11,0,0
BRDA:51,11,1,0
BRDA:51,12,0,0
BRDA:51,12,1,0
BRDA:53,13,0,0
BRDA:53,13,1,0
BRDA:53,14,0,0
BRDA:53,14,1,0
BRDA:58,15,0,25
BRDA:58,15,1,0
BRF:32
BRH:10
end_of_record
TN:
SF:client/src/components/RelatedItems/CarouselItem.jsx
FN:16,(anonymous_0)
FN:32,(anonymous_1)
FN:41,(anonymous_2)
FN:53,(anonymous_3)
FN:61,(anonymous_4)
FN:63,(anonymous_5)
FN:70,(anonymous_6)
FN:80,(anonymous_7)
FN:86,(anonymous_8)
FN:90,(anonymous_9)
FN:97,(anonymous_10)
FN:104,(anonymous_11)
FN:112,(anonymous_12)
FN:120,(anonymous_13)
FN:125,(anonymous_14)
FN:130,(anonymous_15)
FN:134,(anonymous_16)
FN:146,(anonymous_17)
FN:147,(anonymous_18)
FN:165,(anonymous_19)
FN:168,(anonymous_20)
FN:177,(anonymous_21)
FN:312,(anonymous_22)
FNF:23
FNH:4
FNDA:5,(anonymous_0)
FNDA:5,(anonymous_1)
FNDA:0,(anonymous_2)
FNDA:0,(anonymous_3)
FNDA:0,(anonymous_4)
FNDA:0,(anonymous_5)
FNDA:0,(anonymous_6)
FNDA:0,(anonymous_7)
FNDA:0,(anonymous_8)
FNDA:0,(anonymous_9)
FNDA:0,(anonymous_10)
FNDA:0,(anonymous_11)
FNDA:0,(anonymous_12)
FNDA:0,(anonymous_13)
FNDA:0,(anonymous_14)
FNDA:0,(anonymous_15)
FNDA:5,(anonymous_16)
FNDA:0,(anonymous_17)
FNDA:0,(anonymous_18)
FNDA:0,(anonymous_19)
FNDA:0,(anonymous_20)
FNDA:0,(anonymous_21)
FNDA:5,(anonymous_22)
DA:17,5
DA:18,5
DA:25,5
DA:26,5
DA:27,5
DA:28,5
DA:29,5
DA:33,5
DA:34,5
DA:42,0
DA:43,0
DA:44,0
DA:46,0
DA:56,5
DA:62,0
DA:63,0
DA:64,0
DA:66,0
DA:67,0
DA:68,0
DA:73,5
DA:81,0
DA:91,0
DA:92,0
DA:98,0
DA:99,0
DA:105,0
DA:106,0
DA:108,0
DA:109,0
DA:110,0
DA:112,0
DA:113,0
DA:115,0
DA:116,0
DA:121,0
DA:122,0
DA:123,0
DA:125,0
DA:126,0
DA:127,0
DA:131,0
DA:144,5
DA:146,0
DA:147,0
DA:148,0
DA:151,5
DA:153,5
DA:154,0
DA:166,0
DA:167,0
DA:168,0
DA:169,0
DA:170,0
DA:171,0
DA:173,0
DA:177,0
DA:178,0
DA:179,0
DA:182,0
DA:195,5
DA:198,5
DA:199,0
DA:200,0
DA:203,5
DA:204,0
DA:210,5
DA:218,5
DA:219,5
DA:226,0
DA:234,5
DA:261,5
DA:273,1
DA:281,1
DA:286,1
DA:302,1
DA:311,1
DA:312,5
DA:328,1
DA:346,1
DA:354,1
DA:359,1
DA:364,1
DA:369,1
DA:383,1
DA:392,1
DA:407,1
DA:416,1
DA:423,1
DA:429,1
LF:90
LH:40
BRDA:33,0,0,5
BRDA:33,0,1,0
BRDA:42,1,0,0
BRDA:42,1,1,0
BRDA:105,2,0,0
BRDA:105,2,1,0
BRDA:109,3,0,0
BRDA:109,3,1,0
BRDA:112,4,0,0
BRDA:112,4,1,0
BRDA:122,5,0,0
BRDA:122,5,1,0
BRDA:144,6,0,0
BRDA:144,6,1,5
BRDA:144,7,0,5
BRDA:144,7,1,0
BRDA:153,8,0,0
BRDA:153,8,1,5
BRDA:169,9,0,0
BRDA:169,9,1,0
BRDA:170,10,0,0
BRDA:170,10,1,0
BRDA:178,11,0,0
BRDA:178,11,1,0
BRDA:198,12,0,0
BRDA:198,12,1,5
BRDA:203,13,0,0
BRDA:203,13,1,5
BRDA:218,14,0,5
BRDA:218,14,1,0
BRF:30
BRH:7
end_of_record
TN:
SF:client/src/components/RelatedItems/MultiDisplayCarousel.jsx
FN:8,(anonymous_0)
FN:17,(anonymous_1)
FN:27,(anonymous_2)
FN:35,(anonymous_3)
FN:36,(anonymous_4)
FN:38,(anonymous_5)
FN:63,(anonymous_6)
FN:89,(anonymous_7)
FNF:8
FNH:4
FNDA:2,(anonymous_0)
FNDA:0,(anonymous_1)
FNDA:0,(anonymous_2)
FNDA:2,(anonymous_3)
FNDA:0,(anonymous_4)
FNDA:0,(anonymous_5)
FNDA:4,(anonymous_6)
FNDA:2,(anonymous_7)
DA:9,2
DA:10,2
DA:18,0
DA:19,0
DA:20,0
DA:22,0
DA:27,0
DA:28,0
DA:36,2
DA:38,2
DA:40,2
DA:41,2
DA:43,2
DA:44,0
DA:48,2
DA:49,0
DA:51,2
DA:54,2
DA:63,4
DA:73,1
DA:81,1
DA:90,2
DA:91,2
DA:93,0
DA:94,0
DA:96,0
DA:101,1
DA:107,1
LF:28
LH:17
BRDA:19,0,0,0
BRDA:19,0,1,0
BRDA:40,1,0,2
BRDA:40,1,1,0
BRDA:40,2,0,2
BRDA:40,2,1,0
BRDA:43,3,0,0
BRDA:43,3,1,2
BRDA:43,4,0,2
BRDA:43,4,1,2
BRDA:48,5,0,0
BRDA:48,5,1,2
BRDA:90,6,0,2
BRDA:90,6,1,0
BRDA:93,7,0,0
BRDA:93,7,1,0
BRF:16
BRH:7
end_of_record
